#
# A fatal error has been detected by the Java Runtime Environment:
#
#  SIGSEGV (0xb) at pc=0x00007f5475c53dfc, pid=6723, tid=6753
#
# JRE version: OpenJDK Runtime Environment (21.0+35) (build 21+35-2513)
# Java VM: OpenJDK 64-Bit Server VM (21+35-2513, mixed mode, sharing, tiered, compressed oops, compressed class ptrs, g1 gc, linux-amd64)
# Problematic frame:
# V  [libjvm.so+0xe53dfc]  SystemDictionary::resolve_instance_class_or_null(Symbol*, Handle, Handle, JavaThread*)+0xdc
#
# Core dump will be written. Default location: Core dumps may be processed with "/usr/share/apport/apport -p%p -s%s -c%c -d%d -P%P -u%u -g%g -- %E" (or dumping to /home/pacifiquem/Documents/projects/self/devops-exam/core.6723)
#
# If you would like to submit a bug report, please visit:
#   https://bugreport.java.com/bugreport/crash.jsp
#

---------------  S U M M A R Y ------------

Command Line: -ea -Didea.test.cyclic.buffer.size=1048576 -javaagent:/snap/intellij-idea-ultimate/468/lib/idea_rt.jar=33677:/snap/intellij-idea-ultimate/468/bin -Dfile.encoding=UTF-8 -Dsun.stdout.encoding=UTF-8 -Dsun.stderr.encoding=UTF-8 com.intellij.rt.junit.JUnitStarter -ideVersion5 -junit5 rca.yearthree.termone.devops.exam.V1.controller.MathControllerEndToEndTest,testDoMathEndpoint

Host: Intel(R) Core(TM) i5-6300U CPU @ 2.40GHz, 4 cores, 15G, Ubuntu 22.04.3 LTS
Time: Mon Dec 18 09:56:55 2023 CAT elapsed time: 5.297445 seconds (0d 0h 0m 5s)

---------------  T H R E A D  ---------------

Current thread (0x00007f5471177a20):  JavaThread "http-nio-auto-1-exec-1" daemon [_thread_in_vm, id=6753, stack(0x00007f544402d000,0x00007f544412d000) (1024K)]

Stack: [0x00007f544402d000,0x00007f544412d000],  sp=0x00007f544412a8f0,  free space=1014k
Native frames: (J=compiled Java code, j=interpreted, Vv=VM code, C=native code)
V  [libjvm.so+0xe53dfc]  SystemDictionary::resolve_instance_class_or_null(Symbol*, Handle, Handle, JavaThread*)+0xdc
V  [libjvm.so+0xe55a5e]  SystemDictionary::resolve_or_fail(Symbol*, Handle, Handle, bool, JavaThread*)+0x5e
V  [libjvm.so+0x670bd7]  ConstantPool::klass_at_impl(constantPoolHandle const&, int, JavaThread*)+0x157
V  [libjvm.so+0x6718da]  ConstantPool::klass_ref_at(int, Bytecodes::Code, JavaThread*)+0x8a
V  [libjvm.so+0xb49106]  LinkInfo::LinkInfo(constantPoolHandle const&, int, Bytecodes::Code, JavaThread*)+0x46
V  [libjvm.so+0xb503bc]  LinkResolver::resolve_invoke(CallInfo&, Handle, constantPoolHandle const&, int, Bytecodes::Code, JavaThread*)+0xec
V  [libjvm.so+0x8d5837]  InterpreterRuntime::resolve_invoke(JavaThread*, Bytecodes::Code)+0x177
V  [libjvm.so+0x8d5ef5]  InterpreterRuntime::resolve_from_cache(JavaThread*, Bytecodes::Code)+0x105
j  jakarta.servlet.http.HttpServlet.init(Ljakarta/servlet/ServletConfig;)V+9
j  org.apache.catalina.core.StandardWrapper.initServlet(Ljakarta/servlet/Servlet;)V+73
j  org.apache.catalina.core.StandardWrapper.allocate()Ljakarta/servlet/Servlet;+145
j  org.apache.catalina.core.StandardWrapperValve.invoke(Lorg/apache/catalina/connector/Request;Lorg/apache/catalina/connector/Response;)V+131
j  org.apache.catalina.core.StandardContextValve.invoke(Lorg/apache/catalina/connector/Request;Lorg/apache/catalina/connector/Response;)V+169
j  org.apache.catalina.authenticator.AuthenticatorBase.invoke(Lorg/apache/catalina/connector/Request;Lorg/apache/catalina/connector/Response;)V+221
j  org.apache.catalina.core.StandardHostValve.invoke(Lorg/apache/catalina/connector/Request;Lorg/apache/catalina/connector/Response;)V+131
j  org.apache.catalina.valves.ErrorReportValve.invoke(Lorg/apache/catalina/connector/Request;Lorg/apache/catalina/connector/Response;)V+6
j  org.apache.catalina.core.StandardEngineValve.invoke(Lorg/apache/catalina/connector/Request;Lorg/apache/catalina/connector/Response;)V+59
j  org.apache.catalina.connector.CoyoteAdapter.service(Lorg/apache/coyote/Request;Lorg/apache/coyote/Response;)V+188
j  org.apache.coyote.http11.Http11Processor.service(Lorg/apache/tomcat/util/net/SocketWrapperBase;)Lorg/apache/tomcat/util/net/AbstractEndpoint$Handler$SocketState;+795
j  org.apache.coyote.AbstractProcessorLight.process(Lorg/apache/tomcat/util/net/SocketWrapperBase;Lorg/apache/tomcat/util/net/SocketEvent;)Lorg/apache/tomcat/util/net/AbstractEndpoint$Handler$SocketState;+155
j  org.apache.coyote.AbstractProtocol$ConnectionHandler.process(Lorg/apache/tomcat/util/net/SocketWrapperBase;Lorg/apache/tomcat/util/net/SocketEvent;)Lorg/apache/tomcat/util/net/AbstractEndpoint$Handler$SocketState;+482
j  org.apache.tomcat.util.net.NioEndpoint$SocketProcessor.doRun()V+249
j  org.apache.tomcat.util.net.SocketProcessorBase.run()V+32
j  org.apache.tomcat.util.threads.ThreadPoolExecutor.runWorker(Lorg/apache/tomcat/util/threads/ThreadPoolExecutor$Worker;)V+92
j  org.apache.tomcat.util.threads.ThreadPoolExecutor$Worker.run()V+5
j  org.apache.tomcat.util.threads.TaskThread$WrappingRunnable.run()V+4
j  java.lang.Thread.runWith(Ljava/lang/Object;Ljava/lang/Runnable;)V+5 java.base@21
j  java.lang.Thread.run()V+19 java.base@21
v  ~StubRoutines::call_stub 0x00007f545ff37cc6
V  [libjvm.so+0x8dd585]  JavaCalls::call_helper(JavaValue*, methodHandle const&, JavaCallArguments*, JavaThread*)+0x2e5
V  [libjvm.so+0x8def02]  JavaCalls::call_virtual(JavaValue*, Handle, Klass*, Symbol*, Symbol*, JavaThread*)+0x1d2
V  [libjvm.so+0x9acd5e]  thread_entry(JavaThread*, JavaThread*)+0x8e
V  [libjvm.so+0x8f36f8]  JavaThread::thread_main_inner() [clone .part.0]+0xb8
V  [libjvm.so+0xe97ed8]  Thread::call_run()+0xa8
V  [libjvm.so+0xcbe25a]  thread_native_entry(Thread*)+0xda
Java frames: (J=compiled Java code, j=interpreted, Vv=VM code)
j  jakarta.servlet.http.HttpServlet.init(Ljakarta/servlet/ServletConfig;)V+9
j  org.apache.catalina.core.StandardWrapper.initServlet(Ljakarta/servlet/Servlet;)V+73
j  org.apache.catalina.core.StandardWrapper.allocate()Ljakarta/servlet/Servlet;+145
j  org.apache.catalina.core.StandardWrapperValve.invoke(Lorg/apache/catalina/connector/Request;Lorg/apache/catalina/connector/Response;)V+131
j  org.apache.catalina.core.StandardContextValve.invoke(Lorg/apache/catalina/connector/Request;Lorg/apache/catalina/connector/Response;)V+169
j  org.apache.catalina.authenticator.AuthenticatorBase.invoke(Lorg/apache/catalina/connector/Request;Lorg/apache/catalina/connector/Response;)V+221
j  org.apache.catalina.core.StandardHostValve.invoke(Lorg/apache/catalina/connector/Request;Lorg/apache/catalina/connector/Response;)V+131
j  org.apache.catalina.valves.ErrorReportValve.invoke(Lorg/apache/catalina/connector/Request;Lorg/apache/catalina/connector/Response;)V+6
j  org.apache.catalina.core.StandardEngineValve.invoke(Lorg/apache/catalina/connector/Request;Lorg/apache/catalina/connector/Response;)V+59
j  org.apache.catalina.connector.CoyoteAdapter.service(Lorg/apache/coyote/Request;Lorg/apache/coyote/Response;)V+188
j  org.apache.coyote.http11.Http11Processor.service(Lorg/apache/tomcat/util/net/SocketWrapperBase;)Lorg/apache/tomcat/util/net/AbstractEndpoint$Handler$SocketState;+795
j  org.apache.coyote.AbstractProcessorLight.process(Lorg/apache/tomcat/util/net/SocketWrapperBase;Lorg/apache/tomcat/util/net/SocketEvent;)Lorg/apache/tomcat/util/net/AbstractEndpoint$Handler$SocketState;+155
j  org.apache.coyote.AbstractProtocol$ConnectionHandler.process(Lorg/apache/tomcat/util/net/SocketWrapperBase;Lorg/apache/tomcat/util/net/SocketEvent;)Lorg/apache/tomcat/util/net/AbstractEndpoint$Handler$SocketState;+482
j  org.apache.tomcat.util.net.NioEndpoint$SocketProcessor.doRun()V+249
j  org.apache.tomcat.util.net.SocketProcessorBase.run()V+32
j  org.apache.tomcat.util.threads.ThreadPoolExecutor.runWorker(Lorg/apache/tomcat/util/threads/ThreadPoolExecutor$Worker;)V+92
j  org.apache.tomcat.util.threads.ThreadPoolExecutor$Worker.run()V+5
j  org.apache.tomcat.util.threads.TaskThread$WrappingRunnable.run()V+4
j  java.lang.Thread.runWith(Ljava/lang/Object;Ljava/lang/Runnable;)V+5 java.base@21
j  java.lang.Thread.run()V+19 java.base@21
v  ~StubRoutines::call_stub 0x00007f545ff37cc6

siginfo: si_signo: 11 (SIGSEGV), si_code: 1 (SEGV_MAPERR), si_addr: 0x00007d40001a1468

Registers:
RAX=0x00007d40001a1410, RBX=0x00007d40001a1410, RCX=0x00007f54711781d8, RDX=0x00007f5470b78318
RSP=0x00007f544412a8f0, RBP=0x00007f544412aab0, RSI=0x00007f5471177a20, RDI=0x000000070819d4a0
R8 =0x0000000000000001, R9 =0x00007f5471177a20, R10=0x00007f54766c1000, R11=0x00007f54711781d8
R12=0x00007f5471177a20, R13=0x00007f5470b78318, R14=0x00007f544412a9a0, R15=0x000000070819d490
RIP=0x00007f5475c53dfc, EFLAGS=0x0000000000010202, CSGSFS=0x002b000000000033, ERR=0x0000000000000004
  TRAPNO=0x000000000000000e


Register to memory mapping:

RAX=0x00007d40001a1410 is an unknown value
RBX=0x00007d40001a1410 is an unknown value
RCX=0x00007f54711781d8 points into unknown readable memory: 0x0000000708402410 | 10 24 40 08 07 00 00 00
RDX=0x00007f5470b78318 points into unknown readable memory: 0x616a001d9d2b000f | 0f 00 2b 9d 1d 00 6a 61
RSP=0x00007f544412a8f0 is pointing into the stack for thread: 0x00007f5471177a20
RBP=0x00007f544412aab0 is pointing into the stack for thread: 0x00007f5471177a20
RSI=0x00007f5471177a20 is a thread
RDI=0x000000070819d4a0 points into unknown readable memory: 0xe3807ffff61a1410 | 10 14 1a f6 ff 7f 80 e3
R8 =0x0000000000000001 is an unknown value
R9 =0x00007f5471177a20 is a thread
R10=0x00007f54766c1000 points into unknown readable memory: 0x0100050403020100 | 00 01 02 03 04 05 00 01
R11=0x00007f54711781d8 points into unknown readable memory: 0x0000000708402410 | 10 24 40 08 07 00 00 00
R12=0x00007f5471177a20 is a thread
R13=0x00007f5470b78318 points into unknown readable memory: 0x616a001d9d2b000f | 0f 00 2b 9d 1d 00 6a 61
R14=0x00007f544412a9a0 is pointing into the stack for thread: 0x00007f5471177a20
R15=0x000000070819d490 points into unknown readable memory: 0x8000004e0e3ffe09 | 09 fe 3f 0e 4e 00 00 80

Top of Stack: (sp=0x00007f544412a8f0)
0x00007f544412a8f0:   000000071582e338 00007f544412a910
0x00007f544412a900:   00007f544412a968 00007f545ff3f166
0x00007f544412a910:   00000007081ddba0 0000000708652b28
0x00007f544412a920:   00007f54711781e0 00007f53f3662beb
0x00007f544412a930:   0000000000000005 00007f53f36635f0
0x00007f544412a940:   0000000000000000 00007f54711781d8
0x00007f544412a950:   00007f53f3662cb8 0000000000000000
0x00007f544412a960:   00007f544412a988 00007f544412a9e0
0x00007f544412a970:   0000000000000000 0000000000000000
0x00007f544412a980:   0000000000000000 0000000000000001
0x00007f544412a990:   0000000000000001 0000000000000064
0x00007f544412a9a0:   00007f5471177a20 00007f5471178170
0x00007f544412a9b0:   00007f54711781b0 00007f54711781e0
0x00007f544412a9c0:   00007f5471178298 00000000000000d8
0x00007f544412a9d0:   00007f544412ab70 00007f53f7c2d520
0x00007f544412a9e0:   00000000d129e9f5 00000000000003d8
0x00007f544412a9f0:   00007f544412aa60 00007f5475bb9715
0x00007f544412aa00:   0000000708654918 00007f5471177a20
0x00007f544412aa10:   0000000000000000 00007f53cc0a1260
0x00007f544412aa20:   000000214412aa60 00007f53cc0a1270
0x00007f544412aa30:   0000000000000003 00007f5471178130
0x00007f544412aa40:   00007f53cc0a1260 00007f5471177a20
0x00007f544412aa50:   00007f53cc0a1648 00000000000003d8
0x00007f544412aa60:   00007f544412aad0 00007f54755b7dcc
0x00007f544412aa70:   00007f53cc0a1260 292df5f7338ce700
0x00007f544412aa80:   0000000708774420 0000000000000001
0x00007f544412aa90:   00007f5470b78318 000000000000001b
0x00007f544412aaa0:   00007f54711781d0 00007f5471177a20
0x00007f544412aab0:   00007f544412ab30 00007f5475c55a5e
0x00007f544412aac0:   00007f5471177a20 000000070890cad8
0x00007f544412aad0:   00007f544412ab10 00007f547546ddf4
0x00007f544412aae0:   00007f545ff3f166 00007f544412ad20 

Instructions: (pc=0x00007f5475c53dfc)
0x00007f5475c53cfc:   e8 4f bc 8c ff eb e1 4c 89 e1 4c 89 ee 4c 89 ff
0x00007f5475c53d0c:   e8 3f bc 8c ff e9 45 ff ff ff 66 2e 0f 1f 84 00
0x00007f5475c53d1c:   00 00 00 00 55 66 0f ef c0 48 89 e5 41 57 49 89
0x00007f5475c53d2c:   f7 41 56 41 55 49 89 fd 41 54 49 89 cc 31 c9 53
0x00007f5475c53d3c:   48 89 f3 48 81 ec 98 01 00 00 48 89 95 98 fe ff
0x00007f5475c53d4c:   ff 64 48 8b 04 25 28 00 00 00 48 89 45 c8 31 c0
0x00007f5475c53d5c:   48 8d 05 7d c8 5c 00 66 89 8d d0 fe ff ff c6 85
0x00007f5475c53d6c:   d2 fe ff ff 00 80 b8 21 02 00 00 00 0f 29 85 c0
0x00007f5475c53d7c:   fe ff ff 0f 85 3b 03 00 00 4c 8d b5 f0 fe ff ff
0x00007f5475c53d8c:   4c 89 e6 4c 89 f7 e8 69 79 a1 ff 48 85 db 74 03
0x00007f5475c53d9c:   4c 8b 3b 4c 89 ff e8 59 54 a9 ff 48 89 c3 48 85
0x00007f5475c53dac:   c0 0f 84 bd 00 00 00 49 8b bc 24 20 03 00 00 4c
0x00007f5475c53dbc:   8b 47 18 48 8b 47 20 4c 29 c0 48 83 f8 07 0f 86
0x00007f5475c53dcc:   88 00 00 00 49 8d 40 08 48 89 47 18 49 89 18 4c
0x00007f5475c53ddc:   89 c7 31 f6 4c 89 85 70 fe ff ff e8 54 aa ff ff
0x00007f5475c53dec:   48 8b 8d 98 fe ff ff 4c 89 ea 4c 89 e6 48 89 c3
0x00007f5475c53dfc:   48 8b 40 58 48 89 c7 48 89 85 80 fe ff ff e8 81
0x00007f5475c53e0c:   c4 8c ff 4c 8b 85 70 fe ff ff 48 85 c0 49 89 c7
0x00007f5475c53e1c:   0f 84 2e 01 00 00 4c 89 f7 e8 26 79 a1 ff 48 8b
0x00007f5475c53e2c:   45 c8 64 48 2b 04 25 28 00 00 00 0f 85 0f 09 00
0x00007f5475c53e3c:   00 48 81 c4 98 01 00 00 4c 89 f8 5b 41 5c 41 5d
0x00007f5475c53e4c:   41 5e 41 5f 5d c3 66 0f 1f 44 00 00 31 d2 be 08
0x00007f5475c53e5c:   00 00 00 e8 ec e7 5c ff 49 89 c0 e9 6c ff ff ff
0x00007f5475c53e6c:   0f 1f 40 00 31 f6 31 ff e8 c7 a9 ff ff 48 8b 8d
0x00007f5475c53e7c:   98 fe ff ff 4c 89 ea 4c 89 e6 48 89 c3 48 8b 40
0x00007f5475c53e8c:   58 48 89 c7 48 89 85 80 fe ff ff e8 f4 c3 8c ff
0x00007f5475c53e9c:   45 31 c0 49 89 c7 48 85 c0 0f 85 77 ff ff ff 4c
0x00007f5475c53eac:   89 85 70 fe ff ff 45 31 c0 48 8d 85 a0 fe ff ff
0x00007f5475c53ebc:   4c 89 c6 4c 89 e2 48 89 c7 48 89 85 90 fe ff ff
0x00007f5475c53ecc:   e8 cf 55 ff ff 48 8d 05 70 28 5e 00 4c 8b 00 4d
0x00007f5475c53edc:   85 c0 0f 84 f4 01 00 00 4c 89 c7 4c 89 e6 4c 89
0x00007f5475c53eec:   85 68 fe ff ff e8 1a 2b e2 ff 48 8b bd 80 fe ff 


Stack slot to memory mapping:

stack at sp + 0 slots: 0x000000071582e338 is an oop: org.apache.tomcat.util.threads.TaskThread 
{0x000000071582e338} - klass: 'org/apache/tomcat/util/threads/TaskThread'
 - ---- fields (total size 16 words):
 - 'threadLocalRandomProbe' 'I' @12  0 (0x00000000)
 - private volatile 'eetop' 'J' @16  140000651344416 (0x00007f5471177a20)
 - private final 'tid' 'J' @24  31 (0x000000000000001f)
 - 'threadLocalRandomSeed' 'J' @32  0 (0x0000000000000000)
 - injected 'jvmti_thread_state' 'J' @40  139997076274848 (0x00007f539c003ea0)
 - 'threadLocalRandomSecondarySeed' 'I' @48  0 (0x00000000)
 - injected 'jvmti_VTMS_transition_disable_count' 'I' @52  0 (0x00000000)
 - injected 'jfr_epoch' 'S' @56  0 (0x0000)
 - volatile 'interrupted' 'Z' @58  false (0x00)
 - injected 'jvmti_is_in_VTMS_transition' 'Z' @59  false (0x00)
 - private volatile 'name' 'Ljava/lang/String;' @60  "http-nio-auto-1-exec-1"{0x0000000715667ce0} (0xe2accf9c)
 - private volatile 'contextClassLoader' 'Ljava/lang/ClassLoader;' @64  a 'org/springframework/boot/web/embedded/tomcat/TomcatEmbeddedWebappClassLoader'{0x00000007084652d0} (0xe108ca5a)
 - private 'inheritedAccessControlContext' 'Ljava/security/AccessControlContext;' @68  a 'java/security/AccessControlContext'{0x0000000715667d20} (0xe2accfa4)
 - private final 'holder' 'Ljava/lang/Thread$FieldHolder;' @72  a 'java/lang/Thread$FieldHolder'{0x0000000715667d88} (0xe2accfb1)
 - 'threadLocals' 'Ljava/lang/ThreadLocal$ThreadLocalMap;' @76  a 'java/lang/ThreadLocal$ThreadLocalMap'{0x000000070ad77c90} (0xe15aef92)
 - 'inheritableThreadLocals' 'Ljava/lang/ThreadLocal$ThreadLocalMap;' @80  null (0x00000000)
 - private 'scopedValueBindings' 'Ljava/lang/Object;' @84  a 'java/lang/Class'{0x00000007084005a0} = 'java/lang/Thread' (0xe10800b4)
 - final 'interruptLock' 'Ljava/lang/Object;' @88  a 'java/lang/Object'{0x0000000715667db0} (0xe2accfb6)
 - private volatile 'parkBlocker' 'Ljava/lang/Object;' @92  null (0x00000000)
 - volatile 'nioBlocker' 'Lsun/nio/ch/Interruptible;' @96  null (0x00000000)
 - private 'cont' 'Ljdk/internal/vm/Continuation;' @100  null (0x00000000)
 - private volatile 'uncaughtExceptionHandler' 'Ljava/lang/Thread$UncaughtExceptionHandler;' @104  null (0x00000000)
 - private 'container' 'Ljdk/internal/vm/ThreadContainer;' @108  null (0x00000000)
 - private volatile 'headStackableScopes' 'Ljdk/internal/vm/StackableScope;' @112  null (0x00000000)
 - private final 'creationTime' 'J' @120  1702886214729 (0x0000018c7bed8c49)
stack at sp + 1 slots: 0x00007f544412a910 is pointing into the stack for thread: 0x00007f5471177a20
stack at sp + 2 slots: 0x00007f544412a968 is pointing into the stack for thread: 0x00007f5471177a20
stack at sp + 3 slots: 0x00007f545ff3f166 is at code_begin+1158 in an Interpreter codelet
return entry points  [0x00007f545ff3ece0, 0x00007f545ff3f838]  2904 bytes
stack at sp + 4 slots: 0x00000007081ddba0 is an oop: java.lang.Boolean 
{0x00000007081ddba0} - klass: 'java/lang/Boolean'
 - ---- fields (total size 2 words):
 - private final 'value' 'Z' @12  false (0x00)
stack at sp + 5 slots: 0x0000000708652b28 is an oop: java.lang.ThreadLocal 
{0x0000000708652b28} - klass: 'java/lang/ThreadLocal'
 - ---- fields (total size 2 words):
 - private final 'threadLocalHashCode' 'I' @12  1196751640 (0x4754fb18)
stack at sp + 6 slots: 0x00007f54711781e0 points into unknown readable memory: 0x000000070819d490 | 90 d4 19 08 07 00 00 00
stack at sp + 7 slots: 0x00007f53f3662beb is pointing into metadata


---------------  P R O C E S S  ---------------

Threads class SMR info:
_java_thread_list=0x00007f54711c3810, length=29, elements={
0x00007f547002ba00, 0x00007f54701585b0, 0x00007f5470159c00, 0x00007f547015b6e0,
0x00007f547015cd20, 0x00007f547015e2c0, 0x00007f547015fe00, 0x00007f54701614c0,
0x00007f547019ad70, 0x00007f5470225d60, 0x00007f5470227e10, 0x00007f53cc0c64d0,
0x00007f53dc000ff0, 0x00007f5471027c50, 0x00007f53b02271a0, 0x00007f5471029100,
0x00007f5471177a20, 0x00007f5471178ff0, 0x00007f547117a210, 0x00007f547117b390,
0x00007f547117c5c0, 0x00007f547117df80, 0x00007f547117f1c0, 0x00007f5471180800,
0x00007f5471181e40, 0x00007f54711833c0, 0x00007f54711867a0, 0x00007f547118c900,
0x00007f54711c29d0
}

Java Threads: ( => current thread )
  0x00007f547002ba00 JavaThread "main"                              [_thread_in_native, id=6725, stack(0x00007f5476300000,0x00007f5476400000) (1024K)]
  0x00007f54701585b0 JavaThread "Reference Handler"          daemon [_thread_blocked, id=6733, stack(0x00007f5445300000,0x00007f5445400000) (1024K)]
  0x00007f5470159c00 JavaThread "Finalizer"                  daemon [_thread_blocked, id=6734, stack(0x00007f5445200000,0x00007f5445300000) (1024K)]
  0x00007f547015b6e0 JavaThread "Signal Dispatcher"          daemon [_thread_blocked, id=6735, stack(0x00007f5445100000,0x00007f5445200000) (1024K)]
  0x00007f547015cd20 JavaThread "Service Thread"             daemon [_thread_blocked, id=6736, stack(0x00007f5445000000,0x00007f5445100000) (1024K)]
  0x00007f547015e2c0 JavaThread "Monitor Deflation Thread"   daemon [_thread_blocked, id=6737, stack(0x00007f5444f00000,0x00007f5445000000) (1024K)]
  0x00007f547015fe00 JavaThread "C2 CompilerThread0"         daemon [_thread_in_native, id=6738, stack(0x00007f5444e00000,0x00007f5444f00000) (1024K)]
  0x00007f54701614c0 JavaThread "C1 CompilerThread0"         daemon [_thread_blocked, id=6739, stack(0x00007f5444d00000,0x00007f5444e00000) (1024K)]
  0x00007f547019ad70 JavaThread "Common-Cleaner"             daemon [_thread_blocked, id=6740, stack(0x00007f5444b30000,0x00007f5444c30000) (1024K)]
  0x00007f5470225d60 JavaThread "Monitor Ctrl-Break"         daemon [_thread_in_native, id=6741, stack(0x00007f5444a30000,0x00007f5444b30000) (1024K)]
  0x00007f5470227e10 JavaThread "Notification Thread"        daemon [_thread_blocked, id=6742, stack(0x00007f5444930000,0x00007f5444a30000) (1024K)]
  0x00007f53cc0c64d0 JavaThread "C2 CompilerThread1"         daemon [_thread_in_native, id=6746, stack(0x00007f544452d000,0x00007f544462d000) (1024K)]
  0x00007f53dc000ff0 JavaThread "Attach Listener"            daemon [_thread_blocked, id=6747, stack(0x00007f544442d000,0x00007f544452d000) (1024K)]
  0x00007f5471027c50 JavaThread "Catalina-utility-1"                [_thread_blocked, id=6750, stack(0x00007f544432d000,0x00007f544442d000) (1024K)]
  0x00007f53b02271a0 JavaThread "Catalina-utility-2"                [_thread_blocked, id=6751, stack(0x00007f544422d000,0x00007f544432d000) (1024K)]
  0x00007f5471029100 JavaThread "container-0"                       [_thread_blocked, id=6752, stack(0x00007f544412d000,0x00007f544422d000) (1024K)]
=>0x00007f5471177a20 JavaThread "http-nio-auto-1-exec-1"     daemon [_thread_in_vm, id=6753, stack(0x00007f544402d000,0x00007f544412d000) (1024K)]
  0x00007f5471178ff0 JavaThread "http-nio-auto-1-exec-2"     daemon [_thread_blocked, id=6754, stack(0x00007f53f2f00000,0x00007f53f3000000) (1024K)]
  0x00007f547117a210 JavaThread "http-nio-auto-1-exec-3"     daemon [_thread_blocked, id=6755, stack(0x00007f53f2e00000,0x00007f53f2f00000) (1024K)]
  0x00007f547117b390 JavaThread "http-nio-auto-1-exec-4"     daemon [_thread_blocked, id=6756, stack(0x00007f53f2d00000,0x00007f53f2e00000) (1024K)]
  0x00007f547117c5c0 JavaThread "http-nio-auto-1-exec-5"     daemon [_thread_blocked, id=6757, stack(0x00007f53f2c00000,0x00007f53f2d00000) (1024K)]
  0x00007f547117df80 JavaThread "http-nio-auto-1-exec-6"     daemon [_thread_blocked, id=6758, stack(0x00007f53f2b00000,0x00007f53f2c00000) (1024K)]
  0x00007f547117f1c0 JavaThread "http-nio-auto-1-exec-7"     daemon [_thread_blocked, id=6759, stack(0x00007f53f2a00000,0x00007f53f2b00000) (1024K)]
  0x00007f5471180800 JavaThread "http-nio-auto-1-exec-8"     daemon [_thread_blocked, id=6760, stack(0x00007f53f2900000,0x00007f53f2a00000) (1024K)]
  0x00007f5471181e40 JavaThread "http-nio-auto-1-exec-9"     daemon [_thread_blocked, id=6761, stack(0x00007f53f2800000,0x00007f53f2900000) (1024K)]
  0x00007f54711833c0 JavaThread "http-nio-auto-1-exec-10"    daemon [_thread_blocked, id=6762, stack(0x00007f53f2700000,0x00007f53f2800000) (1024K)]
  0x00007f54711867a0 JavaThread "http-nio-auto-1-Poller"     daemon [_thread_in_native, id=6763, stack(0x00007f53f2600000,0x00007f53f2700000) (1024K)]
  0x00007f547118c900 JavaThread "http-nio-auto-1-Acceptor"   daemon [_thread_in_native, id=6764, stack(0x00007f53f2500000,0x00007f53f2600000) (1024K)]
  0x00007f54711c29d0 JavaThread "process reaper"             daemon [_thread_blocked, id=6766, stack(0x00007f5474034000,0x00007f5474056000) (136K)]
Total: 29

Other Threads:
  0x00007f547014ac70 VMThread "VM Thread"                           [id=6732, stack(0x00007f544597a000,0x00007f5445a7a000) (1024K)]
  0x00007f5470130c80 WatcherThread "VM Periodic Task Thread"        [id=6731, stack(0x00007f5445a7b000,0x00007f5445b7b000) (1024K)]
  0x00007f5470092e40 WorkerThread "GC Thread#0"                     [id=6726, stack(0x00007f546ff00000,0x00007f5470000000) (1024K)]
  0x00007f53ec007190 WorkerThread "GC Thread#1"                     [id=6743, stack(0x00007f5444830000,0x00007f5444930000) (1024K)]
  0x00007f53ec007ca0 WorkerThread "GC Thread#2"                     [id=6744, stack(0x00007f544472f000,0x00007f544482f000) (1024K)]
  0x00007f53ec0087b0 WorkerThread "GC Thread#3"                     [id=6745, stack(0x00007f544462e000,0x00007f544472e000) (1024K)]
  0x00007f54700a3c30 ConcurrentGCThread "G1 Main Marker"            [id=6727, stack(0x00007f5454340000,0x00007f5454440000) (1024K)]
  0x00007f54700a4bd0 WorkerThread "G1 Conc#0"                       [id=6728, stack(0x00007f545423f000,0x00007f545433f000) (1024K)]
  0x00007f547011e6d0 ConcurrentGCThread "G1 Refine#0"               [id=6729, stack(0x00007f5445cfe000,0x00007f5445dfe000) (1024K)]
  0x00007f547011f680 ConcurrentGCThread "G1 Service"                [id=6730, stack(0x00007f5445bfd000,0x00007f5445cfd000) (1024K)]
Total: 10

Threads with active compile tasks:
C2 CompilerThread0     5336 4050       4       jdk.internal.loader.ClassLoaders$AppClassLoader::loadClass (40 bytes)
C2 CompilerThread1     5336 4017       4       java.lang.ClassLoader::loadClass (7 bytes)
Total: 2

VM state: not at safepoint (normal execution)

VM Mutex/Monitor currently owned by a thread: None

Heap address: 0x0000000708000000, size: 3968 MB, Compressed Oops mode: Zero based, Oop shift amount: 3

CDS archive(s) mapped at: [0x00007f53f7000000-0x00007f53f7ca5000-0x00007f53f7ca5000), size 13258752, SharedBaseAddress: 0x00007f53f7000000, ArchiveRelocationMode: 1.
Compressed class space mapped at: 0x00007f53f8000000-0x00007f5438000000, reserved size: 1073741824
Narrow klass base: 0x00007f53f7000000, Narrow klass shift: 0, Narrow klass range: 0x100000000

GC Precious Log:
 CardTable entry size: 512
 Card Set container configuration: InlinePtr #cards 4 size 8 Array Of Cards #cards 16 size 48 Howl #buckets 8 coarsen threshold 3686 Howl Bitmap #cards 512 size 80 coarsen threshold 460 Card regions per heap region 1 cards per card region 4096
 CPUs: 4 total, 4 available
 Memory: 15865M
 Large Page Support: Disabled
 NUMA Support: Disabled
 Compressed Oops: Enabled (Zero based)
 Heap Region Size: 2M
 Heap Min Capacity: 8M
 Heap Initial Capacity: 248M
 Heap Max Capacity: 3968M
 Pre-touch: Disabled
 Parallel Workers: 4
 Concurrent Workers: 1
 Concurrent Refinement Workers: 4
 Periodic GC: Disabled

Heap:
 garbage-first heap   total 69632K, used 37280K [0x0000000708000000, 0x0000000800000000)
  region size 2048K, 13 young (26624K), 2 survivors (4096K)
 Metaspace       used 40362K, committed 41024K, reserved 1114112K
  class space    used 5517K, committed 5824K, reserved 1048576K

Heap Regions: E=young(eden), S=young(survivor), O=old, HS=humongous(starts), HC=humongous(continues), CS=collection set, F=free, TAMS=top-at-mark-start, PB=parsable bottom
|   0|0x0000000708000000, 0x0000000708200000, 0x0000000708200000|100%| O|  |TAMS 0x0000000708000000| PB 0x0000000708000000| Untracked 
|   1|0x0000000708200000, 0x0000000708397858, 0x0000000708400000| 79%| O|  |TAMS 0x0000000708200000| PB 0x0000000708200000| Untracked 
|   2|0x0000000708400000, 0x0000000708600000, 0x0000000708600000|100%| O|  |TAMS 0x0000000708400000| PB 0x0000000708400000| Untracked 
|   3|0x0000000708600000, 0x0000000708800000, 0x0000000708800000|100%| O|  |TAMS 0x0000000708600000| PB 0x0000000708600000| Untracked 
|   4|0x0000000708800000, 0x0000000708a00000, 0x0000000708a00000|100%| O|  |TAMS 0x0000000708800000| PB 0x0000000708800000| Untracked 
|   5|0x0000000708a00000, 0x0000000708c00000, 0x0000000708c00000|100%| O|  |TAMS 0x0000000708a00000| PB 0x0000000708a00000| Untracked 
|   6|0x0000000708c00000, 0x0000000708de3c00, 0x0000000708e00000| 94%| O|Cm|TAMS 0x0000000708c00000| PB 0x0000000708c00000| Complete 
|   7|0x0000000708e00000, 0x0000000708e00000, 0x0000000709000000|  0%| F|  |TAMS 0x0000000708e00000| PB 0x0000000708e00000| Untracked 
|   8|0x0000000709000000, 0x0000000709000000, 0x0000000709200000|  0%| F|  |TAMS 0x0000000709000000| PB 0x0000000709000000| Untracked 
|   9|0x0000000709200000, 0x0000000709200000, 0x0000000709400000|  0%| F|  |TAMS 0x0000000709200000| PB 0x0000000709200000| Untracked 
|  10|0x0000000709400000, 0x0000000709400000, 0x0000000709600000|  0%| F|  |TAMS 0x0000000709400000| PB 0x0000000709400000| Untracked 
|  11|0x0000000709600000, 0x0000000709600000, 0x0000000709800000|  0%| F|  |TAMS 0x0000000709600000| PB 0x0000000709600000| Untracked 
|  12|0x0000000709800000, 0x0000000709800000, 0x0000000709a00000|  0%| F|  |TAMS 0x0000000709800000| PB 0x0000000709800000| Untracked 
|  13|0x0000000709a00000, 0x0000000709a00000, 0x0000000709c00000|  0%| F|  |TAMS 0x0000000709a00000| PB 0x0000000709a00000| Untracked 
|  14|0x0000000709c00000, 0x0000000709c00000, 0x0000000709e00000|  0%| F|  |TAMS 0x0000000709c00000| PB 0x0000000709c00000| Untracked 
|  15|0x0000000709e00000, 0x0000000709e00000, 0x000000070a000000|  0%| F|  |TAMS 0x0000000709e00000| PB 0x0000000709e00000| Untracked 
|  16|0x000000070a000000, 0x000000070a000000, 0x000000070a200000|  0%| F|  |TAMS 0x000000070a000000| PB 0x000000070a000000| Untracked 
|  17|0x000000070a200000, 0x000000070a200000, 0x000000070a400000|  0%| F|  |TAMS 0x000000070a200000| PB 0x000000070a200000| Untracked 
|  18|0x000000070a400000, 0x000000070a400000, 0x000000070a600000|  0%| F|  |TAMS 0x000000070a400000| PB 0x000000070a400000| Untracked 
|  19|0x000000070a600000, 0x000000070a600000, 0x000000070a800000|  0%| F|  |TAMS 0x000000070a600000| PB 0x000000070a600000| Untracked 
|  20|0x000000070a800000, 0x000000070a800000, 0x000000070aa00000|  0%| F|  |TAMS 0x000000070a800000| PB 0x000000070a800000| Untracked 
|  21|0x000000070aa00000, 0x000000070aade010, 0x000000070ac00000| 43%| E|  |TAMS 0x000000070aa00000| PB 0x000000070aa00000| Complete 
|  22|0x000000070ac00000, 0x000000070ae00000, 0x000000070ae00000|100%| E|CS|TAMS 0x000000070ac00000| PB 0x000000070ac00000| Complete 
|  23|0x000000070ae00000, 0x000000070b000000, 0x000000070b000000|100%| E|CS|TAMS 0x000000070ae00000| PB 0x000000070ae00000| Complete 
|  24|0x000000070b000000, 0x000000070b200000, 0x000000070b200000|100%| E|CS|TAMS 0x000000070b000000| PB 0x000000070b000000| Complete 
|  25|0x000000070b200000, 0x000000070b400000, 0x000000070b400000|100%| E|CS|TAMS 0x000000070b200000| PB 0x000000070b200000| Complete 
|  26|0x000000070b400000, 0x000000070b600000, 0x000000070b600000|100%| E|CS|TAMS 0x000000070b400000| PB 0x000000070b400000| Complete 
|  27|0x000000070b600000, 0x000000070b800000, 0x000000070b800000|100%| E|CS|TAMS 0x000000070b600000| PB 0x000000070b600000| Complete 
|  28|0x000000070b800000, 0x000000070ba00000, 0x000000070ba00000|100%| E|CS|TAMS 0x000000070b800000| PB 0x000000070b800000| Complete 
|  29|0x000000070ba00000, 0x000000070bc00000, 0x000000070bc00000|100%| E|CS|TAMS 0x000000070ba00000| PB 0x000000070ba00000| Complete 
|  30|0x000000070bc00000, 0x000000070be00000, 0x000000070be00000|100%| E|CS|TAMS 0x000000070bc00000| PB 0x000000070bc00000| Complete 
| 107|0x0000000715600000, 0x00000007156ece28, 0x0000000715800000| 46%| S|CS|TAMS 0x0000000715600000| PB 0x0000000715600000| Complete 
| 108|0x0000000715800000, 0x0000000715a00000, 0x0000000715a00000|100%| S|CS|TAMS 0x0000000715800000| PB 0x0000000715800000| Complete 
|1983|0x00000007ffe00000, 0x0000000800000000, 0x0000000800000000|100%| E|CS|TAMS 0x00000007ffe00000| PB 0x00000007ffe00000| Complete 

Card table byte_map: [0x00007f5458240000,0x00007f5458a00000] _byte_map_base: 0x00007f5454a00000

Marking Bits: (CMBitMap*) 0x00007f5470093960
 Bits: [0x00007f5454440000, 0x00007f5458240000)

Polling page: 0x00007f5476850000

Metaspace:

Usage:
  Non-class:     34.03 MB used.
      Class:      5.39 MB used.
       Both:     39.42 MB used.

Virtual space:
  Non-class space:       64.00 MB reserved,      34.38 MB ( 54%) committed,  1 nodes.
      Class space:        1.00 GB reserved,       5.69 MB ( <1%) committed,  1 nodes.
             Both:        1.06 GB reserved,      40.06 MB (  4%) committed. 

Chunk freelists:
   Non-Class:  13.03 MB
       Class:  10.30 MB
        Both:  23.33 MB

MaxMetaspaceSize: unlimited
CompressedClassSpaceSize: 1.00 GB
Initial GC threshold: 21.00 MB
Current GC threshold: 58.88 MB
CDS: on
 - commit_granule_bytes: 65536.
 - commit_granule_words: 8192.
 - virtual_space_node_default_size: 8388608.
 - enlarge_chunks_in_place: 1.
 - use_allocation_guard: 0.


Internal statistics:

num_allocs_failed_limit: 6.
num_arena_births: 884.
num_arena_deaths: 0.
num_vsnodes_births: 2.
num_vsnodes_deaths: 0.
num_space_committed: 641.
num_space_uncommitted: 0.
num_chunks_returned_to_freelist: 6.
num_chunks_taken_from_freelist: 2416.
num_chunk_merges: 6.
num_chunk_splits: 1612.
num_chunks_enlarged: 1130.
num_inconsistent_stats: 0.

CodeHeap 'non-profiled nmethods': size=120032Kb used=1965Kb max_used=2098Kb free=118066Kb
 bounds [0x00007f54604c8000, 0x00007f5460738000, 0x00007f5467a00000]
CodeHeap 'profiled nmethods': size=120028Kb used=7456Kb max_used=7813Kb free=112571Kb
 bounds [0x00007f5458a00000, 0x00007f54591c0000, 0x00007f545ff37000]
CodeHeap 'non-nmethods': size=5700Kb used=1508Kb max_used=1551Kb free=4191Kb
 bounds [0x00007f545ff37000, 0x00007f54601a7000, 0x00007f54604c8000]
 total_blobs=4438 nmethods=3841 adapters=502
 compilation: enabled
              stopped_count=0, restarted_count=0
 full_count=0

Compilation events (20 events):
Event: 5.245 Thread 0x00007f54701614c0 nmethod 4197 0x00007f5458ac8d10 code [0x00007f5458ac8ee0, 0x00007f5458ac9460]
Event: 5.245 Thread 0x00007f54701614c0 4196   !   3       org.mockito.internal.creation.bytebuddy.InlineBytecodeGenerator::transform (100 bytes)
Event: 5.247 Thread 0x00007f54701614c0 nmethod 4196 0x00007f5458a25f10 code [0x00007f5458a26240, 0x00007f5458a275a8]
Event: 5.247 Thread 0x00007f54701614c0 4198       3       java.lang.invoke.LambdaFormEditor::addArgumentForm (121 bytes)
Event: 5.247 Thread 0x00007f54701614c0 nmethod 4198 0x00007f5458ac7f10 code [0x00007f5458ac8160, 0x00007f5458ac8758]
Event: 5.247 Thread 0x00007f54701614c0 4199       3       java.lang.invoke.LambdaFormEditor$TransformKey::of (83 bytes)
Event: 5.248 Thread 0x00007f54701614c0 nmethod 4199 0x00007f5458ca0910 code [0x00007f5458ca0b00, 0x00007f5458ca1118]
Event: 5.249 Thread 0x00007f54701614c0 4205       3       jdk.internal.org.objectweb.asm.Type::getArgumentsAndReturnSizes (140 bytes)
Event: 5.251 Thread 0x00007f54701614c0 nmethod 4205 0x00007f5458a64090 code [0x00007f5458a64440, 0x00007f5458a660a0]
Event: 5.260 Thread 0x00007f54701614c0 4206       3       sun.net.www.ParseUtil::match (50 bytes)
Event: 5.260 Thread 0x00007f54701614c0 nmethod 4206 0x00007f5458ca0410 code [0x00007f5458ca05c0, 0x00007f5458ca0860]
Event: 5.277 Thread 0x00007f54701614c0 4207       3       java.net.URLConnection::setUseCaches (10 bytes)
Event: 5.278 Thread 0x00007f54701614c0 nmethod 4207 0x00007f5458c9fd90 code [0x00007f5458c9ff40, 0x00007f5458ca01c0]
Event: 5.281 Thread 0x00007f54701614c0 4209       3       java.lang.invoke.LambdaFormEditor::getInCache (165 bytes)
Event: 5.282 Thread 0x00007f54701614c0 nmethod 4209 0x00007f5458cb4490 code [0x00007f5458cb4700, 0x00007f5458cb5678]
Event: 5.282 Thread 0x00007f54701614c0 4210       3       java.lang.Module::getLayer (43 bytes)
Event: 5.282 Thread 0x00007f54701614c0 nmethod 4210 0x00007f5458a6a090 code [0x00007f5458a6a260, 0x00007f5458a6a638]
Event: 5.282 Thread 0x00007f54701614c0 4211       3       java.util.Arrays::sort (47 bytes)
Event: 5.283 Thread 0x00007f54701614c0 nmethod 4211 0x00007f5458cb3e90 code [0x00007f5458cb4060, 0x00007f5458cb42a8]
Event: 5.283 Thread 0x00007f54701614c0 4212       3       org.springframework.core.OrderComparator::getOrder (111 bytes)

GC Heap History (14 events):
Event: 0.499 GC heap before
{Heap before GC invocations=0 (full 0):
 garbage-first heap   total 256000K, used 11293K [0x0000000708000000, 0x0000000800000000)
  region size 2048K, 6 young (12288K), 0 survivors (0K)
 Metaspace       used 3339K, committed 3520K, reserved 1114112K
  class space    used 358K, committed 448K, reserved 1048576K
}
Event: 0.504 GC heap after
{Heap after GC invocations=1 (full 0):
 garbage-first heap   total 256000K, used 4754K [0x0000000708000000, 0x0000000800000000)
  region size 2048K, 1 young (2048K), 1 survivors (2048K)
 Metaspace       used 3339K, committed 3520K, reserved 1114112K
  class space    used 358K, committed 448K, reserved 1048576K
}
Event: 0.914 GC heap before
{Heap before GC invocations=1 (full 0):
 garbage-first heap   total 256000K, used 12946K [0x0000000708000000, 0x0000000800000000)
  region size 2048K, 6 young (12288K), 1 survivors (2048K)
 Metaspace       used 6446K, committed 6720K, reserved 1114112K
  class space    used 791K, committed 896K, reserved 1048576K
}
Event: 0.918 GC heap after
{Heap after GC invocations=2 (full 0):
 garbage-first heap   total 256000K, used 5971K [0x0000000708000000, 0x0000000800000000)
  region size 2048K, 1 young (2048K), 1 survivors (2048K)
 Metaspace       used 6446K, committed 6720K, reserved 1114112K
  class space    used 791K, committed 896K, reserved 1048576K
}
Event: 2.050 GC heap before
{Heap before GC invocations=2 (full 0):
 garbage-first heap   total 256000K, used 40787K [0x0000000708000000, 0x0000000800000000)
  region size 2048K, 18 young (36864K), 1 survivors (2048K)
 Metaspace       used 15005K, committed 15296K, reserved 1114112K
  class space    used 1917K, committed 2048K, reserved 1048576K
}
Event: 2.066 GC heap after
{Heap after GC invocations=3 (full 0):
 garbage-first heap   total 256000K, used 8614K [0x0000000708000000, 0x0000000800000000)
  region size 2048K, 2 young (4096K), 2 survivors (4096K)
 Metaspace       used 15005K, committed 15296K, reserved 1114112K
  class space    used 1917K, committed 2048K, reserved 1048576K
}
Event: 2.532 GC heap before
{Heap before GC invocations=3 (full 0):
 garbage-first heap   total 256000K, used 33190K [0x0000000708000000, 0x0000000800000000)
  region size 2048K, 16 young (32768K), 2 survivors (4096K)
 Metaspace       used 21163K, committed 21504K, reserved 1114112K
  class space    used 2703K, committed 2880K, reserved 1048576K
}
Event: 2.542 GC heap after
{Heap after GC invocations=4 (full 0):
 garbage-first heap   total 256000K, used 11624K [0x0000000708000000, 0x0000000800000000)
  region size 2048K, 4 young (8192K), 4 survivors (8192K)
 Metaspace       used 21163K, committed 21504K, reserved 1114112K
  class space    used 2703K, committed 2880K, reserved 1048576K
}
Event: 3.650 GC heap before
{Heap before GC invocations=5 (full 0):
 garbage-first heap   total 55296K, used 52584K [0x0000000708000000, 0x0000000800000000)
  region size 2048K, 24 young (49152K), 4 survivors (8192K)
 Metaspace       used 28937K, committed 29440K, reserved 1114112K
  class space    used 3708K, committed 3968K, reserved 1048576K
}
Event: 3.671 GC heap after
{Heap after GC invocations=6 (full 0):
 garbage-first heap   total 65536K, used 14889K [0x0000000708000000, 0x0000000800000000)
  region size 2048K, 5 young (10240K), 5 survivors (10240K)
 Metaspace       used 28937K, committed 29440K, reserved 1114112K
  class space    used 3708K, committed 3968K, reserved 1048576K
}
Event: 4.580 GC heap before
{Heap before GC invocations=6 (full 0):
 garbage-first heap   total 65536K, used 43561K [0x0000000708000000, 0x0000000800000000)
  region size 2048K, 19 young (38912K), 5 survivors (10240K)
 Metaspace       used 34155K, committed 34752K, reserved 1114112K
  class space    used 4499K, committed 4800K, reserved 1048576K
}
Event: 4.596 GC heap after
{Heap after GC invocations=7 (full 0):
 garbage-first heap   total 65536K, used 17110K [0x0000000708000000, 0x0000000800000000)
  region size 2048K, 2 young (4096K), 2 survivors (4096K)
 Metaspace       used 34155K, committed 34752K, reserved 1114112K
  class space    used 4499K, committed 4800K, reserved 1048576K
}
Event: 4.729 GC heap before
{Heap before GC invocations=7 (full 0):
 garbage-first heap   total 65536K, used 21206K [0x0000000708000000, 0x0000000800000000)
  region size 2048K, 5 young (10240K), 2 survivors (4096K)
 Metaspace       used 35384K, committed 35968K, reserved 1114112K
  class space    used 4747K, committed 4992K, reserved 1048576K
}
Event: 4.734 GC heap after
{Heap after GC invocations=8 (full 0):
 garbage-first heap   total 79872K, used 16800K [0x0000000708000000, 0x0000000800000000)
  region size 2048K, 2 young (4096K), 2 survivors (4096K)
 Metaspace       used 35384K, committed 35968K, reserved 1114112K
  class space    used 4747K, committed 4992K, reserved 1048576K
}

Dll operation events (13 events):
Event: 0.003 Loaded shared library /home/pacifiquem/.jdks/openjdk-21/lib/libjava.so
Event: 0.038 Loaded shared library /home/pacifiquem/.jdks/openjdk-21/lib/libjsvml.so
Event: 0.108 Loaded shared library /home/pacifiquem/.jdks/openjdk-21/lib/libzip.so
Event: 0.112 Loaded shared library /home/pacifiquem/.jdks/openjdk-21/lib/libinstrument.so
Event: 0.114 Loaded shared library /home/pacifiquem/.jdks/openjdk-21/lib/libnio.so
Event: 0.122 Loaded shared library /home/pacifiquem/.jdks/openjdk-21/lib/libzip.so
Event: 0.148 Loaded shared library /home/pacifiquem/.jdks/openjdk-21/lib/libnet.so
Event: 0.153 Loaded shared library /home/pacifiquem/.jdks/openjdk-21/lib/libextnet.so
Event: 0.276 Loaded shared library /home/pacifiquem/.jdks/openjdk-21/lib/libjimage.so
Event: 3.541 Loaded shared library /home/pacifiquem/.jdks/openjdk-21/lib/libmanagement.so
Event: 3.542 Loaded shared library /home/pacifiquem/.jdks/openjdk-21/lib/libmanagement_ext.so
Event: 4.210 Loaded shared library /home/pacifiquem/.jdks/openjdk-21/lib/libverify.so
Event: 4.406 Loaded shared library /home/pacifiquem/.jdks/openjdk-21/lib/libinstrument.so

Deoptimization events (20 events):
Event: 5.130 Thread 0x00007f547002ba00 Uncommon trap: trap_request=0xffffff45 fr.pc=0x00007f54605ab150 relative=0x00000000000000b0
Event: 5.130 Thread 0x00007f547002ba00 Uncommon trap: reason=unstable_if action=reinterpret pc=0x00007f54605ab150 method=sun.net.util.IPAddressUtil.scan(Ljava/lang/String;JJ[C)I @ 14 c2
Event: 5.130 Thread 0x00007f547002ba00 DEOPT PACKING pc=0x00007f54605ab150 sp=0x00007f54763fba00
Event: 5.130 Thread 0x00007f547002ba00 DEOPT UNPACKING pc=0x00007f545ff8af99 sp=0x00007f54763fb908 mode 2
Event: 5.198 Thread 0x00007f547002ba00 Uncommon trap: trap_request=0xffffff45 fr.pc=0x00007f54604fd604 relative=0x0000000000000084
Event: 5.198 Thread 0x00007f547002ba00 Uncommon trap: reason=unstable_if action=reinterpret pc=0x00007f54604fd604 method=sun.net.www.ParseUtil.match(CJJ)Z @ 13 c2
Event: 5.198 Thread 0x00007f547002ba00 DEOPT PACKING pc=0x00007f54604fd604 sp=0x00007f54763fb750
Event: 5.198 Thread 0x00007f547002ba00 DEOPT UNPACKING pc=0x00007f545ff8af99 sp=0x00007f54763fb700 mode 2
Event: 5.218 Thread 0x00007f547002ba00 Uncommon trap: trap_request=0xffffff45 fr.pc=0x00007f5460510900 relative=0x00000000000004c0
Event: 5.218 Thread 0x00007f547002ba00 Uncommon trap: reason=unstable_if action=reinterpret pc=0x00007f5460510900 method=jdk.internal.org.objectweb.asm.Type.getArgumentsAndReturnSizes(Ljava/lang/String;)I @ 123 c2
Event: 5.218 Thread 0x00007f547002ba00 DEOPT PACKING pc=0x00007f5460510900 sp=0x00007f54763fab40
Event: 5.218 Thread 0x00007f547002ba00 DEOPT UNPACKING pc=0x00007f545ff8af99 sp=0x00007f54763faae0 mode 2
Event: 5.220 Thread 0x00007f547002ba00 Uncommon trap: trap_request=0xffffff45 fr.pc=0x00007f54605333d4 relative=0x00000000000000d4
Event: 5.220 Thread 0x00007f547002ba00 Uncommon trap: reason=unstable_if action=reinterpret pc=0x00007f54605333d4 method=java.lang.Integer.stringSize(I)I @ 3 c2
Event: 5.220 Thread 0x00007f547002ba00 DEOPT PACKING pc=0x00007f54605333d4 sp=0x00007f54763facf0
Event: 5.220 Thread 0x00007f547002ba00 DEOPT UNPACKING pc=0x00007f545ff8af99 sp=0x00007f54763fac98 mode 2
Event: 5.220 Thread 0x00007f547002ba00 Uncommon trap: trap_request=0xffffff45 fr.pc=0x00007f5460566a68 relative=0x00000000000001a8
Event: 5.220 Thread 0x00007f547002ba00 Uncommon trap: reason=unstable_if action=reinterpret pc=0x00007f5460566a68 method=java.lang.Integer.getChars(II[B)I @ 4 c2
Event: 5.220 Thread 0x00007f547002ba00 DEOPT PACKING pc=0x00007f5460566a68 sp=0x00007f54763facd0
Event: 5.220 Thread 0x00007f547002ba00 DEOPT UNPACKING pc=0x00007f545ff8af99 sp=0x00007f54763fac80 mode 2

Classes loaded (20 events):
Event: 5.276 Loading class jakarta/security/auth/message/config/ServerAuthContext
Event: 5.276 Loading class jakarta/security/auth/message/config/ServerAuthContext done
Event: 5.276 Loading class jakarta/security/auth/message/ServerAuth
Event: 5.276 Loading class jakarta/security/auth/message/ServerAuth done
Event: 5.276 Loading class jakarta/security/auth/message/config/ServerAuthConfig
Event: 5.276 Loading class jakarta/security/auth/message/config/ServerAuthConfig done
Event: 5.276 Loading class jakarta/security/auth/message/config/AuthConfig
Event: 5.276 Loading class jakarta/security/auth/message/config/AuthConfig done
Event: 5.276 Loading class jakarta/security/auth/message/config/AuthConfigProvider
Event: 5.276 Loading class jakarta/security/auth/message/config/AuthConfigProvider done
Event: 5.277 Loading class org/apache/catalina/authenticator/jaspic/LocalStrings
Event: 5.277 Loading class org/apache/catalina/authenticator/jaspic/LocalStrings done
Event: 5.278 Loading class org/apache/coyote/ActionCode
Event: 5.278 Loading class org/apache/coyote/ActionCode done
Event: 5.279 Loading class org/apache/coyote/AbstractProcessor$1
Event: 5.279 Loading class org/apache/coyote/AbstractProcessor$1 done
Event: 5.280 Loading class org/apache/tomcat/util/log/UserDataHelper$Mode
Event: 5.280 Loading class org/apache/tomcat/util/log/UserDataHelper$Mode done
Event: 5.280 Loading class org/springframework/web/servlet/HttpServletBean$ServletConfigPropertyValues
Event: 5.280 Loading class org/springframework/web/servlet/HttpServletBean$ServletConfigPropertyValues done

Classes unloaded (0 events):
No events

Classes redefined (0 events):
No events

Internal exceptions (20 events):
Event: 4.018 Thread 0x00007f547002ba00 Exception <a 'java/lang/NoSuchMethodError'{0x000000070a96dd20}: 'void java.lang.invoke.DirectMethodHandle$Holder.invokeVirtual(java.lang.Object, java.lang.Object, long)'> (0x000000070a96dd20) 
thrown [open/src/hotspot/share/interpreter/linkResolver.cpp, line 772]
Event: 4.077 Thread 0x00007f547002ba00 Exception <a 'java/lang/NoSuchMethodError'{0x000000070a43ff10}: 'int java.lang.invoke.DirectMethodHandle$Holder.invokeStaticInit(java.lang.Object, java.lang.Object, java.lang.Object, java.lang.Object)'> (0x000000070a43ff10) 
thrown [open/src/hotspot/share/interpreter/linkResolver.cpp, line 772]
Event: 4.153 Thread 0x00007f547002ba00 Exception <a 'java/lang/NoSuchMethodError'{0x000000070a32ea10}: 'java.lang.Object java.lang.invoke.DirectMethodHandle$Holder.newInvokeSpecial(java.lang.Object, java.lang.Object, int, java.lang.Object, java.lang.Object)'> (0x000000070a32ea10) 
thrown [open/src/hotspot/share/interpreter/linkResolver.cpp, line 772]
Event: 4.154 Thread 0x00007f547002ba00 Exception <a 'java/lang/NoSuchMethodError'{0x000000070a339e20}: 'java.lang.Object java.lang.invoke.DirectMethodHandle$Holder.invokeSpecial(java.lang.Object, java.lang.Object, int, java.lang.Object, int, java.lang.Object)'> (0x000000070a339e20) 
thrown [open/src/hotspot/share/interpreter/linkResolver.cpp, line 772]
Event: 4.154 Thread 0x00007f547002ba00 Exception <a 'java/lang/NoSuchMethodError'{0x000000070a3417e0}: 'java.lang.Object java.lang.invoke.DirectMethodHandle$Holder.newInvokeSpecial(java.lang.Object, java.lang.Object, int, java.lang.Object, int)'> (0x000000070a3417e0) 
thrown [open/src/hotspot/share/interpreter/linkResolver.cpp, line 772]
Event: 4.155 Thread 0x00007f547002ba00 Exception <a 'java/lang/NoSuchMethodError'{0x000000070a345bb0}: 'java.lang.Object java.lang.invoke.DirectMethodHandle$Holder.invokeSpecial(java.lang.Object, java.lang.Object, java.lang.Object, int, java.lang.Object, int)'> (0x000000070a345bb0) 
thrown [open/src/hotspot/share/interpreter/linkResolver.cpp, line 772]
Event: 4.213 Thread 0x00007f547002ba00 Exception <a 'java/lang/NoSuchMethodError'{0x0000000709e9d878}: method resolution failed> (0x0000000709e9d878) 
thrown [open/src/hotspot/share/prims/methodHandles.cpp, line 1144]
Event: 4.219 Thread 0x00007f547002ba00 Exception <a 'java/lang/NoSuchMethodError'{0x0000000709ed6d50}: 'long java.lang.invoke.DelegatingMethodHandle$Holder.reinvoke_L(java.lang.Object, java.lang.Object)'> (0x0000000709ed6d50) 
thrown [open/src/hotspot/share/interpreter/linkResolver.cpp, line 772]
Event: 4.711 Thread 0x00007f547002ba00 Exception <a 'java/lang/NoSuchMethodError'{0x0000000715a9c648}: method resolution failed> (0x0000000715a9c648) 
thrown [open/src/hotspot/share/prims/methodHandles.cpp, line 1144]
Event: 4.714 Thread 0x00007f547002ba00 Exception <a 'java/lang/NoSuchMethodError'{0x0000000715ab07c8}: 'java.lang.Class java.lang.Class.getNestHost(java.lang.Class)'> (0x0000000715ab07c8) 
thrown [open/src/hotspot/share/interpreter/linkResolver.cpp, line 772]
Event: 4.714 Thread 0x00007f547002ba00 Exception <a 'java/lang/NoSuchMethodError'{0x0000000715ab2bc8}: 'java.lang.Class[] java.lang.Class.getNestMembers(java.lang.Class)'> (0x0000000715ab2bc8) 
thrown [open/src/hotspot/share/interpreter/linkResolver.cpp, line 772]
Event: 4.859 Thread 0x00007f547002ba00 Implicit null exception at 0x00007f54606bd697 to 0x00007f54606bd918
Event: 4.859 Thread 0x00007f547002ba00 Exception <a 'java/lang/NoSuchMethodError'{0x000000070ba1fb78}: 'long java.lang.invoke.DirectMethodHandle$Holder.invokeStatic(java.lang.Object, java.lang.Object, int)'> (0x000000070ba1fb78) 
thrown [open/src/hotspot/share/interpreter/linkResolver.cpp, line 772]
Event: 4.860 Thread 0x00007f547002ba00 Exception <a 'java/lang/NoSuchMethodError'{0x000000070ba2a2f8}: 'void java.lang.invoke.DelegatingMethodHandle$Holder.reinvoke_L(java.lang.Object, java.lang.Object, java.lang.Object, long, int)'> (0x000000070ba2a2f8) 
thrown [open/src/hotspot/share/interpreter/linkResolver.cpp, line 772]
Event: 4.936 Thread 0x00007f547002ba00 Exception <a 'java/lang/ClassNotFoundException'{0x000000070b8c3ce8}: java/lang/ClassLoader$ByteBuddyAccessor$V1> (0x000000070b8c3ce8) 
thrown [open/src/hotspot/share/classfile/systemDictionary.cpp, line 312]
Event: 4.937 Thread 0x00007f547002ba00 Exception <a 'java/lang/NoSuchMethodError'{0x000000070b8ccbb0}: 'java.lang.Object java.lang.invoke.DelegatingMethodHandle$Holder.reinvoke_L(java.lang.Object, java.lang.Object, java.lang.Object, java.lang.Object, int, int, java.lang.Object, java.lang.Object)'> (0x000000070b8ccbb0) 
thrown [open/src/hotspot/share/interpreter/linkResolver.cpp, line 772]
Event: 5.218 Thread 0x00007f547002ba00 Exception <a 'java/lang/NoSuchMethodError'{0x000000070afc7d20}: 'double java.lang.invoke.DirectMethodHandle$Holder.invokeVirtual(java.lang.Object, java.lang.Object)'> (0x000000070afc7d20) 
thrown [open/src/hotspot/share/interpreter/linkResolver.cpp, line 772]
Event: 5.219 Thread 0x00007f547002ba00 Exception <a 'java/lang/NoSuchMethodError'{0x000000070afcf170}: 'double java.lang.invoke.DelegatingMethodHandle$Holder.reinvoke_L(java.lang.Object, java.lang.Object)'> (0x000000070afcf170) 
thrown [open/src/hotspot/share/interpreter/linkResolver.cpp, line 772]
Event: 5.248 Thread 0x00007f5471177a20 Exception <a 'java/lang/NoSuchMethodError'{0x000000070ad692a0}: 'java.lang.Object java.lang.invoke.DirectMethodHandle$Holder.invokeSpecial(java.lang.Object, java.lang.Object, java.lang.Object, java.lang.Object, java.lang.Object, long)'> (0x000000070ad692a0) 
thrown [open/src/hotspot/share/interpreter/linkResolver.cpp, line 772]
Event: 5.249 Thread 0x00007f5471177a20 Exception <a 'java/lang/NoSuchMethodError'{0x000000070ad6ca60}: 'java.lang.Object java.lang.invoke.Invokers$Holder.linkToTargetMethod(java.lang.Object, java.lang.Object, java.lang.Object, long, java.lang.Object)'> (0x000000070ad6ca60) 
thrown [open/src/hotspot/share/interpreter/linkResolver.cpp, line 772]

ZGC Phase Switch (0 events):
No events

VM Operations (20 events):
Event: 4.213 Executing VM operation: ICBufferFull
Event: 4.214 Executing VM operation: ICBufferFull done
Event: 4.228 Executing VM operation: HandshakeAllThreads (Deoptimize)
Event: 4.228 Executing VM operation: HandshakeAllThreads (Deoptimize) done
Event: 4.580 Executing VM operation: G1CollectForAllocation (G1 Evacuation Pause)
Event: 4.596 Executing VM operation: G1CollectForAllocation (G1 Evacuation Pause) done
Event: 4.729 Executing VM operation: CollectForMetadataAllocation (Metadata GC Threshold)
Event: 4.734 Executing VM operation: CollectForMetadataAllocation (Metadata GC Threshold) done
Event: 4.765 Executing VM operation: G1PauseRemark
Event: 4.769 Executing VM operation: G1PauseRemark done
Event: 4.779 Executing VM operation: G1PauseCleanup
Event: 4.779 Executing VM operation: G1PauseCleanup done
Event: 5.120 Executing VM operation: HandshakeAllThreads (Deoptimize)
Event: 5.120 Executing VM operation: HandshakeAllThreads (Deoptimize) done
Event: 5.127 Executing VM operation: HandshakeAllThreads (Deoptimize)
Event: 5.127 Executing VM operation: HandshakeAllThreads (Deoptimize) done
Event: 5.167 Executing VM operation: HandshakeAllThreads (Deoptimize)
Event: 5.167 Executing VM operation: HandshakeAllThreads (Deoptimize) done
Event: 5.263 Executing VM operation: HandshakeAllThreads (Deoptimize)
Event: 5.263 Executing VM operation: HandshakeAllThreads (Deoptimize) done

Events (20 events):
Event: 4.768 Thread 0x00007f547014ac70 flushing nmethod 0x00007f5460526390
Event: 4.768 Thread 0x00007f547014ac70 flushing nmethod 0x00007f546051e210
Event: 4.768 Thread 0x00007f547014ac70 flushing nmethod 0x00007f546051cd90
Event: 4.768 Thread 0x00007f547014ac70 flushing nmethod 0x00007f546051c610
Event: 4.768 Thread 0x00007f547014ac70 flushing nmethod 0x00007f546051ab90
Event: 4.768 Thread 0x00007f547014ac70 flushing nmethod 0x00007f5460513b90
Event: 4.768 Thread 0x00007f547014ac70 flushing nmethod 0x00007f5460510a10
Event: 4.768 Thread 0x00007f547014ac70 flushing nmethod 0x00007f54604fd410
Event: 4.768 Thread 0x00007f547014ac70 flushing nmethod 0x00007f54604fc010
Event: 4.768 Thread 0x00007f547014ac70 flushing nmethod 0x00007f54604f7d90
Event: 4.768 Thread 0x00007f547014ac70 flushing nmethod 0x00007f54604f9f90
Event: 4.768 Thread 0x00007f547014ac70 flushing nmethod 0x00007f54604fe690
Event: 4.768 Thread 0x00007f547014ac70 flushing nmethod 0x00007f54604f3210
Event: 4.768 Thread 0x00007f547014ac70 flushing nmethod 0x00007f54604f6010
Event: 4.768 Thread 0x00007f547014ac70 flushing nmethod 0x00007f54604d8f10
Event: 4.768 Thread 0x00007f547014ac70 flushing nmethod 0x00007f54604d8a90
Event: 4.768 Thread 0x00007f547014ac70 flushing nmethod 0x00007f54604d5b10
Event: 4.768 Thread 0x00007f547014ac70 flushing nmethod 0x00007f54604dba10
Event: 4.768 Thread 0x00007f547014ac70 flushing nmethod 0x00007f54604dd890
Event: 4.768 Thread 0x00007f547014ac70 flushing nmethod 0x00007f54604d0b10


Dynamic libraries:
708000000-70be00000 rw-p 00000000 00:00 0 
70be00000-715600000 ---p 00000000 00:00 0 
715600000-715a00000 rw-p 00000000 00:00 0 
715a00000-7ffe00000 ---p 00000000 00:00 0 
7ffe00000-7fff08000 rw-p 00ce4000 08:02 12592419                         /home/pacifiquem/.jdks/openjdk-21/lib/server/classes.jsa
7fff08000-800000000 rw-p 00000000 00:00 0 
55b1bade9000-55b1badea000 r-xp 00000000 08:02 12591924                   /home/pacifiquem/.jdks/openjdk-21/bin/java
55b1badeb000-55b1badec000 r--p 00001000 08:02 12591924                   /home/pacifiquem/.jdks/openjdk-21/bin/java
55b1badec000-55b1baded000 rw-p 00002000 08:02 12591924                   /home/pacifiquem/.jdks/openjdk-21/bin/java
55b1bc96c000-55b1bc9b4000 rw-p 00000000 00:00 0                          [heap]
7f538c000000-7f538c021000 rw-p 00000000 00:00 0 
7f538c021000-7f5390000000 ---p 00000000 00:00 0 
7f5394000000-7f5394021000 rw-p 00000000 00:00 0 
7f5394021000-7f5398000000 ---p 00000000 00:00 0 
7f5398000000-7f5398021000 rw-p 00000000 00:00 0 
7f5398021000-7f539c000000 ---p 00000000 00:00 0 
7f539c000000-7f539c248000 rw-p 00000000 00:00 0 
7f539c248000-7f53a0000000 ---p 00000000 00:00 0 
7f53a0000000-7f53a0021000 rw-p 00000000 00:00 0 
7f53a0021000-7f53a4000000 ---p 00000000 00:00 0 
7f53a4000000-7f53a4021000 rw-p 00000000 00:00 0 
7f53a4021000-7f53a8000000 ---p 00000000 00:00 0 
7f53a8000000-7f53a8021000 rw-p 00000000 00:00 0 
7f53a8021000-7f53ac000000 ---p 00000000 00:00 0 
7f53ac000000-7f53ac075000 rw-p 00000000 00:00 0 
7f53ac075000-7f53b0000000 ---p 00000000 00:00 0 
7f53b0000000-7f53b0270000 rw-p 00000000 00:00 0 
7f53b0270000-7f53b4000000 ---p 00000000 00:00 0 
7f53b4000000-7f53b4021000 rw-p 00000000 00:00 0 
7f53b4021000-7f53b8000000 ---p 00000000 00:00 0 
7f53b8000000-7f53b9790000 rw-p 00000000 00:00 0 
7f53b9790000-7f53bc000000 ---p 00000000 00:00 0 
7f53bc000000-7f53bc021000 rw-p 00000000 00:00 0 
7f53bc021000-7f53c0000000 ---p 00000000 00:00 0 
7f53c0000000-7f53c0021000 rw-p 00000000 00:00 0 
7f53c0021000-7f53c4000000 ---p 00000000 00:00 0 
7f53c4000000-7f53c4021000 rw-p 00000000 00:00 0 
7f53c4021000-7f53c8000000 ---p 00000000 00:00 0 
7f53c8000000-7f53c8021000 rw-p 00000000 00:00 0 
7f53c8021000-7f53cc000000 ---p 00000000 00:00 0 
7f53cc000000-7f53ccb97000 rw-p 00000000 00:00 0 
7f53ccb97000-7f53d0000000 ---p 00000000 00:00 0 
7f53d0000000-7f53d0021000 rw-p 00000000 00:00 0 
7f53d0021000-7f53d4000000 ---p 00000000 00:00 0 
7f53d4000000-7f53d4021000 rw-p 00000000 00:00 0 
7f53d4021000-7f53d8000000 ---p 00000000 00:00 0 
7f53d8000000-7f53d949b000 rw-p 00000000 00:00 0 
7f53d949b000-7f53dc000000 ---p 00000000 00:00 0 
7f53dc000000-7f53dc021000 rw-p 00000000 00:00 0 
7f53dc021000-7f53e0000000 ---p 00000000 00:00 0 
7f53e0000000-7f53e0021000 rw-p 00000000 00:00 0 
7f53e0021000-7f53e4000000 ---p 00000000 00:00 0 
7f53e4000000-7f53e4021000 rw-p 00000000 00:00 0 
7f53e4021000-7f53e8000000 ---p 00000000 00:00 0 
7f53e8000000-7f53e8021000 rw-p 00000000 00:00 0 
7f53e8021000-7f53ec000000 ---p 00000000 00:00 0 
7f53ec000000-7f53ec021000 rw-p 00000000 00:00 0 
7f53ec021000-7f53f0000000 ---p 00000000 00:00 0 
7f53f1964000-7f53f20f0000 rw-p 00000000 00:00 0 
7f53f22c3000-7f53f2500000 rw-p 00000000 00:00 0 
7f53f2500000-7f53f2504000 ---p 00000000 00:00 0 
7f53f2504000-7f53f2600000 rw-p 00000000 00:00 0 
7f53f2600000-7f53f2604000 ---p 00000000 00:00 0 
7f53f2604000-7f53f2700000 rw-p 00000000 00:00 0 
7f53f2700000-7f53f2704000 ---p 00000000 00:00 0 
7f53f2704000-7f53f2800000 rw-p 00000000 00:00 0 
7f53f2800000-7f53f2804000 ---p 00000000 00:00 0 
7f53f2804000-7f53f2900000 rw-p 00000000 00:00 0 
7f53f2900000-7f53f2904000 ---p 00000000 00:00 0 
7f53f2904000-7f53f2a00000 rw-p 00000000 00:00 0 
7f53f2a00000-7f53f2a04000 ---p 00000000 00:00 0 
7f53f2a04000-7f53f2b00000 rw-p 00000000 00:00 0 
7f53f2b00000-7f53f2b04000 ---p 00000000 00:00 0 
7f53f2b04000-7f53f2c00000 rw-p 00000000 00:00 0 
7f53f2c00000-7f53f2c04000 ---p 00000000 00:00 0 
7f53f2c04000-7f53f2d00000 rw-p 00000000 00:00 0 
7f53f2d00000-7f53f2d04000 ---p 00000000 00:00 0 
7f53f2d04000-7f53f2e00000 rw-p 00000000 00:00 0 
7f53f2e00000-7f53f2e04000 ---p 00000000 00:00 0 
7f53f2e04000-7f53f2f00000 rw-p 00000000 00:00 0 
7f53f2f00000-7f53f2f04000 ---p 00000000 00:00 0 
7f53f2f04000-7f53f33f0000 rw-p 00000000 00:00 0 
7f53f33f0000-7f53f3af0000 rw-p 00000000 00:00 0 
7f53f3af0000-7f53f3bf0000 rw-p 00000000 00:00 0 
7f53f3bf0000-7f53f41b0000 rw-p 00000000 00:00 0 
7f53f41b0000-7f53f41f0000 rw-p 00000000 00:00 0 
7f53f41f0000-7f53f42f0000 rw-p 00000000 00:00 0 
7f53f42f0000-7f53f43f0000 rw-p 00000000 00:00 0 
7f53f43f0000-7f53f48f0000 rw-p 00000000 00:00 0 
7f53f48f0000-7f53f49f0000 rw-p 00000000 00:00 0 
7f53f49f0000-7f53f50f0000 rw-p 00000000 00:00 0 
7f53f50f0000-7f53f5160000 rw-p 00000000 00:00 0 
7f53f5160000-7f53f5200000 ---p 00000000 00:00 0 
7f53f5200000-7f53f5300000 rw-p 00000000 00:00 0 
7f53f5300000-7f53f7000000 ---p 00000000 00:00 0 
7f53f7000000-7f53f7ca5000 rw-p 00001000 08:02 12592419                   /home/pacifiquem/.jdks/openjdk-21/lib/server/classes.jsa
7f53f7ca5000-7f53f8000000 ---p 00000000 00:00 0 
7f53f8000000-7f53f8030000 rw-p 00000000 00:00 0 
7f53f8030000-7f53f8070000 rw-p 00000000 00:00 0 
7f53f8070000-7f53f80d0000 rw-p 00000000 00:00 0 
7f53f80d0000-7f53f80f0000 rw-p 00000000 00:00 0 
7f53f80f0000-7f53f81b0000 rw-p 00000000 00:00 0 
7f53f81b0000-7f53f81f0000 rw-p 00000000 00:00 0 
7f53f81f0000-7f53f83b0000 rw-p 00000000 00:00 0 
7f53f83b0000-7f53f83f0000 rw-p 00000000 00:00 0 
7f53f83f0000-7f53f8400000 ---p 00000000 00:00 0 
7f53f8400000-7f53f85c0000 rw-p 00000000 00:00 0 
7f53f85c0000-7f5438000000 ---p 00000000 00:00 0 
7f5438000000-7f5438021000 rw-p 00000000 00:00 0 
7f5438021000-7f543c000000 ---p 00000000 00:00 0 
7f543c000000-7f543c021000 rw-p 00000000 00:00 0 
7f543c021000-7f5440000000 ---p 00000000 00:00 0 
7f5440000000-7f5440021000 rw-p 00000000 00:00 0 
7f5440021000-7f5444000000 ---p 00000000 00:00 0 
7f544402d000-7f5444031000 ---p 00000000 00:00 0 
7f5444031000-7f544412d000 rw-p 00000000 00:00 0 
7f544412d000-7f5444131000 ---p 00000000 00:00 0 
7f5444131000-7f544422d000 rw-p 00000000 00:00 0 
7f544422d000-7f5444231000 ---p 00000000 00:00 0 
7f5444231000-7f544432d000 rw-p 00000000 00:00 0 
7f544432d000-7f5444331000 ---p 00000000 00:00 0 
7f5444331000-7f544442d000 rw-p 00000000 00:00 0 
7f544442d000-7f5444431000 ---p 00000000 00:00 0 
7f5444431000-7f544452d000 rw-p 00000000 00:00 0 
7f544452d000-7f5444531000 ---p 00000000 00:00 0 
7f5444531000-7f544462d000 rw-p 00000000 00:00 0 
7f544462d000-7f544462e000 ---p 00000000 00:00 0 
7f544462e000-7f544472e000 rw-p 00000000 00:00 0 
7f544472e000-7f544472f000 ---p 00000000 00:00 0 
7f544472f000-7f544482f000 rw-p 00000000 00:00 0 
7f544482f000-7f5444830000 ---p 00000000 00:00 0 
7f5444830000-7f5444930000 rw-p 00000000 00:00 0 
7f5444930000-7f5444934000 ---p 00000000 00:00 0 
7f5444934000-7f5444a30000 rw-p 00000000 00:00 0 
7f5444a30000-7f5444a34000 ---p 00000000 00:00 0 
7f5444a34000-7f5444b30000 rw-p 00000000 00:00 0 
7f5444b30000-7f5444b34000 ---p 00000000 00:00 0 
7f5444b34000-7f5444c30000 rw-p 00000000 00:00 0 
7f5444c30000-7f5444cfe000 r-xp 00000000 08:02 12592393                   /home/pacifiquem/.jdks/openjdk-21/lib/libjsvml.so
7f5444cfe000-7f5444cff000 r--p 000cd000 08:02 12592393                   /home/pacifiquem/.jdks/openjdk-21/lib/libjsvml.so
7f5444cff000-7f5444d00000 rw-p 000ce000 08:02 12592393                   /home/pacifiquem/.jdks/openjdk-21/lib/libjsvml.so
7f5444d00000-7f5444d04000 ---p 00000000 00:00 0 
7f5444d04000-7f5444e00000 rw-p 00000000 00:00 0 
7f5444e00000-7f5444e04000 ---p 00000000 00:00 0 
7f5444e04000-7f5444f00000 rw-p 00000000 00:00 0 
7f5444f00000-7f5444f04000 ---p 00000000 00:00 0 
7f5444f04000-7f5445000000 rw-p 00000000 00:00 0 
7f5445000000-7f5445004000 ---p 00000000 00:00 0 
7f5445004000-7f5445100000 rw-p 00000000 00:00 0 
7f5445100000-7f5445104000 ---p 00000000 00:00 0 
7f5445104000-7f5445200000 rw-p 00000000 00:00 0 
7f5445200000-7f5445204000 ---p 00000000 00:00 0 
7f5445204000-7f5445300000 rw-p 00000000 00:00 0 
7f5445300000-7f5445304000 ---p 00000000 00:00 0 
7f5445304000-7f5445400000 rw-p 00000000 00:00 0 
7f5445400000-7f5445974000 r--p 00000000 08:02 1315074                    /usr/lib/locale/locale-archive
7f5445979000-7f544597a000 ---p 00000000 00:00 0 
7f544597a000-7f5445a7a000 rw-p 00000000 00:00 0 
7f5445a7a000-7f5445a7b000 ---p 00000000 00:00 0 
7f5445a7b000-7f5445bfc000 rw-p 00000000 00:00 0 
7f5445bfc000-7f5445bfd000 ---p 00000000 00:00 0 
7f5445bfd000-7f5445cfd000 rw-p 00000000 00:00 0 
7f5445cfd000-7f5445cfe000 ---p 00000000 00:00 0 
7f5445cfe000-7f5448000000 rw-p 00000000 00:00 0 
7f5448000000-7f5448021000 rw-p 00000000 00:00 0 
7f5448021000-7f544c000000 ---p 00000000 00:00 0 
7f544c000000-7f544c021000 rw-p 00000000 00:00 0 
7f544c021000-7f5450000000 ---p 00000000 00:00 0 
7f5450000000-7f5450021000 rw-p 00000000 00:00 0 
7f5450021000-7f5454000000 ---p 00000000 00:00 0 
7f545403c000-7f545423e000 rw-p 00000000 00:00 0 
7f545423e000-7f545423f000 ---p 00000000 00:00 0 
7f545423f000-7f545433f000 rw-p 00000000 00:00 0 
7f545433f000-7f5454340000 ---p 00000000 00:00 0 
7f5454340000-7f5454538000 rw-p 00000000 00:00 0 
7f5454538000-7f5454798000 ---p 00000000 00:00 0 
7f5454798000-7f54547a8000 rw-p 00000000 00:00 0 
7f54547a8000-7f5458238000 ---p 00000000 00:00 0 
7f5458238000-7f545825f000 rw-p 00000000 00:00 0 
7f545825f000-7f54582ab000 ---p 00000000 00:00 0 
7f54582ab000-7f54582ad000 rw-p 00000000 00:00 0 
7f54582ad000-7f54589ff000 ---p 00000000 00:00 0 
7f54589ff000-7f5458a00000 rw-p 00000000 00:00 0 
7f5458a00000-7f54591c0000 rwxp 00000000 00:00 0 
7f54591c0000-7f545ff37000 ---p 00000000 00:00 0 
7f545ff37000-7f54601a7000 rwxp 00000000 00:00 0 
7f54601a7000-7f54604c8000 ---p 00000000 00:00 0 
7f54604c8000-7f5460738000 rwxp 00000000 00:00 0 
7f5460738000-7f5467a00000 ---p 00000000 00:00 0 
7f5467a00000-7f546fec1000 r--s 00000000 08:02 12592410                   /home/pacifiquem/.jdks/openjdk-21/lib/modules
7f546feff000-7f546ff00000 ---p 00000000 00:00 0 
7f546ff00000-7f5470000000 rw-p 00000000 00:00 0 
7f5470000000-7f54717f7000 rw-p 00000000 00:00 0 
7f54717f7000-7f5474000000 ---p 00000000 00:00 0 
7f5474034000-7f5474038000 ---p 00000000 00:00 0 
7f5474038000-7f5474056000 rw-p 00000000 00:00 0 
7f5474056000-7f5474063000 r-xp 00000000 08:02 12592408                   /home/pacifiquem/.jdks/openjdk-21/lib/libverify.so
7f5474063000-7f5474065000 r--p 0000c000 08:02 12592408                   /home/pacifiquem/.jdks/openjdk-21/lib/libverify.so
7f5474065000-7f5474066000 rw-p 0000e000 08:02 12592408                   /home/pacifiquem/.jdks/openjdk-21/lib/libverify.so
7f5474066000-7f5474085000 rw-p 00000000 00:00 0 
7f5474085000-7f54740d1000 ---p 00000000 00:00 0 
7f54740d1000-7f54740d3000 rw-p 00000000 00:00 0 
7f54740d3000-7f5474825000 ---p 00000000 00:00 0 
7f5474825000-7f5474c2f000 rw-p 00000000 00:00 0 
7f5474c2f000-7f5474d15000 ---p 00000000 00:00 0 
7f5474d15000-7f5474d25000 rw-p 00000000 00:00 0 
7f5474d25000-7f5474e00000 ---p 00000000 00:00 0 
7f5474e00000-7f547610a000 r-xp 00000000 08:02 12592422                   /home/pacifiquem/.jdks/openjdk-21/lib/server/libjvm.so
7f547610a000-7f54761d7000 r--p 01309000 08:02 12592422                   /home/pacifiquem/.jdks/openjdk-21/lib/server/libjvm.so
7f54761d7000-7f5476205000 rw-p 013d6000 08:02 12592422                   /home/pacifiquem/.jdks/openjdk-21/lib/server/libjvm.so
7f5476205000-7f547626a000 rw-p 00000000 00:00 0 
7f5476272000-7f5476279000 r--s 00000000 08:02 1315671                    /usr/lib/x86_64-linux-gnu/gconv/gconv-modules.cache
7f5476279000-7f547627e000 r-xp 00000000 08:02 12592398                   /home/pacifiquem/.jdks/openjdk-21/lib/libmanagement_ext.so
7f547627e000-7f547627f000 ---p 00005000 08:02 12592398                   /home/pacifiquem/.jdks/openjdk-21/lib/libmanagement_ext.so
7f547627f000-7f5476280000 r--p 00005000 08:02 12592398                   /home/pacifiquem/.jdks/openjdk-21/lib/libmanagement_ext.so
7f5476280000-7f5476281000 rw-p 00006000 08:02 12592398                   /home/pacifiquem/.jdks/openjdk-21/lib/libmanagement_ext.so
7f5476281000-7f547628d000 r-xp 00000000 08:02 12592400                   /home/pacifiquem/.jdks/openjdk-21/lib/libnet.so
7f547628d000-7f547628e000 r--p 0000b000 08:02 12592400                   /home/pacifiquem/.jdks/openjdk-21/lib/libnet.so
7f547628e000-7f547628f000 rw-p 0000c000 08:02 12592400                   /home/pacifiquem/.jdks/openjdk-21/lib/libnet.so
7f547628f000-7f54762a2000 r-xp 00000000 08:02 12592401                   /home/pacifiquem/.jdks/openjdk-21/lib/libnio.so
7f54762a2000-7f54762a3000 ---p 00013000 08:02 12592401                   /home/pacifiquem/.jdks/openjdk-21/lib/libnio.so
7f54762a3000-7f54762a4000 r--p 00013000 08:02 12592401                   /home/pacifiquem/.jdks/openjdk-21/lib/libnio.so
7f54762a4000-7f54762a5000 rw-p 00014000 08:02 12592401                   /home/pacifiquem/.jdks/openjdk-21/lib/libnio.so
7f54762a5000-7f5476300000 rw-p 00000000 00:00 0 
7f5476300000-7f5476304000 ---p 00000000 00:00 0 
7f5476304000-7f5476400000 rw-p 00000000 00:00 0 
7f5476400000-7f5476428000 r--p 00000000 08:02 1312854                    /usr/lib/x86_64-linux-gnu/libc.so.6
7f5476428000-7f54765bd000 r-xp 00028000 08:02 1312854                    /usr/lib/x86_64-linux-gnu/libc.so.6
7f54765bd000-7f5476615000 r--p 001bd000 08:02 1312854                    /usr/lib/x86_64-linux-gnu/libc.so.6
7f5476615000-7f5476619000 r--p 00214000 08:02 1312854                    /usr/lib/x86_64-linux-gnu/libc.so.6
7f5476619000-7f547661b000 rw-p 00218000 08:02 1312854                    /usr/lib/x86_64-linux-gnu/libc.so.6
7f547661b000-7f5476628000 rw-p 00000000 00:00 0 
7f547662d000-7f547662e000 r--s 00000000 08:02 6556150                    /tmp/mockitoboot7634581407258798768.jar
7f547662e000-7f5476632000 r-xp 00000000 08:02 12592396                   /home/pacifiquem/.jdks/openjdk-21/lib/libmanagement.so
7f5476632000-7f5476633000 r--p 00003000 08:02 12592396                   /home/pacifiquem/.jdks/openjdk-21/lib/libmanagement.so
7f5476633000-7f5476634000 rw-p 00004000 08:02 12592396                   /home/pacifiquem/.jdks/openjdk-21/lib/libmanagement.so
7f5476634000-7f547663b000 r-xp 00000000 08:02 12592409                   /home/pacifiquem/.jdks/openjdk-21/lib/libzip.so
7f547663b000-7f547663c000 ---p 00007000 08:02 12592409                   /home/pacifiquem/.jdks/openjdk-21/lib/libzip.so
7f547663c000-7f547663d000 r--p 00007000 08:02 12592409                   /home/pacifiquem/.jdks/openjdk-21/lib/libzip.so
7f547663d000-7f547663e000 rw-p 00008000 08:02 12592409                   /home/pacifiquem/.jdks/openjdk-21/lib/libzip.so
7f547663e000-7f54766c6000 rw-p 00000000 00:00 0 
7f54766c6000-7f54766cd000 ---p 00000000 00:00 0 
7f54766cd000-7f54766ed000 r-xp 00000000 08:02 12592385                   /home/pacifiquem/.jdks/openjdk-21/lib/libjava.so
7f54766ed000-7f54766ee000 ---p 00020000 08:02 12592385                   /home/pacifiquem/.jdks/openjdk-21/lib/libjava.so
7f54766ee000-7f54766ef000 r--p 00020000 08:02 12592385                   /home/pacifiquem/.jdks/openjdk-21/lib/libjava.so
7f54766ef000-7f54766f0000 rw-p 00021000 08:02 12592385                   /home/pacifiquem/.jdks/openjdk-21/lib/libjava.so
7f54766f0000-7f54766f1000 rw-p 00000000 00:00 0 
7f54766f1000-7f54766fb000 r-xp 00000000 08:02 12592380                   /home/pacifiquem/.jdks/openjdk-21/lib/libinstrument.so
7f54766fb000-7f54766fc000 ---p 0000a000 08:02 12592380                   /home/pacifiquem/.jdks/openjdk-21/lib/libinstrument.so
7f54766fc000-7f54766fd000 r--p 0000a000 08:02 12592380                   /home/pacifiquem/.jdks/openjdk-21/lib/libinstrument.so
7f54766fd000-7f54766fe000 rw-p 0000b000 08:02 12592380                   /home/pacifiquem/.jdks/openjdk-21/lib/libinstrument.so
7f54766fe000-7f5476719000 r-xp 00000000 08:02 12592389                   /home/pacifiquem/.jdks/openjdk-21/lib/libjimage.so
7f5476719000-7f547671a000 ---p 0001b000 08:02 12592389                   /home/pacifiquem/.jdks/openjdk-21/lib/libjimage.so
7f547671a000-7f547671c000 r--p 0001b000 08:02 12592389                   /home/pacifiquem/.jdks/openjdk-21/lib/libjimage.so
7f547671c000-7f547671d000 rw-p 0001d000 08:02 12592389                   /home/pacifiquem/.jdks/openjdk-21/lib/libjimage.so
7f547671d000-7f547672b000 r--p 00000000 08:02 1312863                    /usr/lib/x86_64-linux-gnu/libm.so.6
7f547672b000-7f54767a7000 r-xp 0000e000 08:02 1312863                    /usr/lib/x86_64-linux-gnu/libm.so.6
7f54767a7000-7f5476802000 r--p 0008a000 08:02 1312863                    /usr/lib/x86_64-linux-gnu/libm.so.6
7f5476802000-7f5476803000 r--p 000e4000 08:02 1312863                    /usr/lib/x86_64-linux-gnu/libm.so.6
7f5476803000-7f5476804000 rw-p 000e5000 08:02 1312863                    /usr/lib/x86_64-linux-gnu/libm.so.6
7f5476804000-7f5476805000 r--p 00000000 08:02 1312917                    /usr/lib/x86_64-linux-gnu/librt.so.1
7f5476805000-7f5476806000 r-xp 00001000 08:02 1312917                    /usr/lib/x86_64-linux-gnu/librt.so.1
7f5476806000-7f5476807000 r--p 00002000 08:02 1312917                    /usr/lib/x86_64-linux-gnu/librt.so.1
7f5476807000-7f5476808000 r--p 00002000 08:02 1312917                    /usr/lib/x86_64-linux-gnu/librt.so.1
7f5476808000-7f5476809000 rw-p 00003000 08:02 1312917                    /usr/lib/x86_64-linux-gnu/librt.so.1
7f5476809000-7f547680d000 rw-p 00000000 00:00 0 
7f547680d000-7f547680e000 r--p 00000000 08:02 1312861                    /usr/lib/x86_64-linux-gnu/libdl.so.2
7f547680e000-7f547680f000 r-xp 00001000 08:02 1312861                    /usr/lib/x86_64-linux-gnu/libdl.so.2
7f547680f000-7f5476810000 r--p 00002000 08:02 1312861                    /usr/lib/x86_64-linux-gnu/libdl.so.2
7f5476810000-7f5476811000 r--p 00002000 08:02 1312861                    /usr/lib/x86_64-linux-gnu/libdl.so.2
7f5476811000-7f5476812000 rw-p 00003000 08:02 1312861                    /usr/lib/x86_64-linux-gnu/libdl.so.2
7f5476812000-7f5476813000 r--p 00000000 08:02 1312912                    /usr/lib/x86_64-linux-gnu/libpthread.so.0
7f5476813000-7f5476814000 r-xp 00001000 08:02 1312912                    /usr/lib/x86_64-linux-gnu/libpthread.so.0
7f5476814000-7f5476815000 r--p 00002000 08:02 1312912                    /usr/lib/x86_64-linux-gnu/libpthread.so.0
7f5476815000-7f5476816000 r--p 00002000 08:02 1312912                    /usr/lib/x86_64-linux-gnu/libpthread.so.0
7f5476816000-7f5476817000 rw-p 00003000 08:02 1312912                    /usr/lib/x86_64-linux-gnu/libpthread.so.0
7f5476817000-7f5476825000 r-xp 00000000 08:02 12592390                   /home/pacifiquem/.jdks/openjdk-21/lib/libjli.so
7f5476825000-7f5476826000 ---p 0000e000 08:02 12592390                   /home/pacifiquem/.jdks/openjdk-21/lib/libjli.so
7f5476826000-7f5476827000 r--p 0000e000 08:02 12592390                   /home/pacifiquem/.jdks/openjdk-21/lib/libjli.so
7f5476827000-7f5476828000 rw-p 0000f000 08:02 12592390                   /home/pacifiquem/.jdks/openjdk-21/lib/libjli.so
7f5476828000-7f547682a000 r--p 00000000 08:02 1339135                    /usr/lib/x86_64-linux-gnu/libz.so.1.2.11
7f547682a000-7f547683b000 r-xp 00002000 08:02 1339135                    /usr/lib/x86_64-linux-gnu/libz.so.1.2.11
7f547683b000-7f5476841000 r--p 00013000 08:02 1339135                    /usr/lib/x86_64-linux-gnu/libz.so.1.2.11
7f5476841000-7f5476842000 ---p 00019000 08:02 1339135                    /usr/lib/x86_64-linux-gnu/libz.so.1.2.11
7f5476842000-7f5476843000 r--p 00019000 08:02 1339135                    /usr/lib/x86_64-linux-gnu/libz.so.1.2.11
7f5476843000-7f5476844000 rw-p 0001a000 08:02 1339135                    /usr/lib/x86_64-linux-gnu/libz.so.1.2.11
7f5476844000-7f5476846000 r-xp 00000000 08:02 12592378                   /home/pacifiquem/.jdks/openjdk-21/lib/libextnet.so
7f5476846000-7f5476847000 r--p 00001000 08:02 12592378                   /home/pacifiquem/.jdks/openjdk-21/lib/libextnet.so
7f5476847000-7f5476848000 rw-p 00002000 08:02 12592378                   /home/pacifiquem/.jdks/openjdk-21/lib/libextnet.so
7f5476848000-7f5476850000 rw-s 00000000 08:02 6555499                    /tmp/hsperfdata_pacifiquem/6723
7f5476850000-7f5476851000 ---p 00000000 00:00 0 
7f5476851000-7f5476852000 r--p 00000000 00:00 0 
7f5476852000-7f5476854000 rw-p 00000000 00:00 0 
7f5476854000-7f5476856000 r--p 00000000 08:02 1312845                    /usr/lib/x86_64-linux-gnu/ld-linux-x86-64.so.2
7f5476856000-7f5476880000 r-xp 00002000 08:02 1312845                    /usr/lib/x86_64-linux-gnu/ld-linux-x86-64.so.2
7f5476880000-7f547688b000 r--p 0002c000 08:02 1312845                    /usr/lib/x86_64-linux-gnu/ld-linux-x86-64.so.2
7f547688b000-7f547688c000 ---p 00000000 00:00 0 
7f547688c000-7f547688e000 r--p 00037000 08:02 1312845                    /usr/lib/x86_64-linux-gnu/ld-linux-x86-64.so.2
7f547688e000-7f5476890000 rw-p 00039000 08:02 1312845                    /usr/lib/x86_64-linux-gnu/ld-linux-x86-64.so.2
7ffd8fbdd000-7ffd8fc00000 rw-p 00000000 00:00 0                          [stack]
7ffd8fca2000-7ffd8fca6000 r--p 00000000 00:00 0                          [vvar]
7ffd8fca6000-7ffd8fca8000 r-xp 00000000 00:00 0                          [vdso]
ffffffffff600000-ffffffffff601000 --xp 00000000 00:00 0                  [vsyscall]
Total number of mappings: 303


VM Arguments:
jvm_args: -ea -Didea.test.cyclic.buffer.size=1048576 -javaagent:/snap/intellij-idea-ultimate/468/lib/idea_rt.jar=33677:/snap/intellij-idea-ultimate/468/bin -Dfile.encoding=UTF-8 -Dsun.stdout.encoding=UTF-8 -Dsun.stderr.encoding=UTF-8 
java_command: com.intellij.rt.junit.JUnitStarter -ideVersion5 -junit5 rca.yearthree.termone.devops.exam.V1.controller.MathControllerEndToEndTest,testDoMathEndpoint
java_class_path (initial): /home/pacifiquem/.m2/repository/org/junit/platform/junit-platform-launcher/1.10.1/junit-platform-launcher-1.10.1.jar:/snap/intellij-idea-ultimate/468/lib/idea_rt.jar:/snap/intellij-idea-ultimate/468/plugins/junit/lib/junit5-rt.jar:/snap/intellij-idea-ultimate/468/plugins/junit/lib/junit-rt.jar:/home/pacifiquem/Documents/projects/self/devops-exam/target/test-classes:/home/pacifiquem/Documents/projects/self/devops-exam/target/classes:/home/pacifiquem/.m2/repository/org/springframework/boot/spring-boot-starter-web/3.2.0/spring-boot-starter-web-3.2.0.jar:/home/pacifiquem/.m2/repository/org/springframework/boot/spring-boot-starter/3.2.0/spring-boot-starter-3.2.0.jar:/home/pacifiquem/.m2/repository/org/springframework/boot/spring-boot-autoconfigure/3.2.0/spring-boot-autoconfigure-3.2.0.jar:/home/pacifiquem/.m2/repository/org/springframework/boot/spring-boot-starter-logging/3.2.0/spring-boot-starter-logging-3.2.0.jar:/home/pacifiquem/.m2/repository/ch/qos/logback/logback-classic/1.4.11/logback-classic-1.4.11.jar:/home/pacifiquem/.m2/repository/ch/qos/logback/logback-core/1.4.11/logback-core-1.4.11.jar:/home/pacifiquem/.m2/repository/org/apache/logging/log4j/log4j-to-slf4j/2.21.1/log4j-to-slf4j-2.21.1.jar:/home/pacifiquem/.m2/repository/org/apache/logging/log4j/log4j-api/2.21.1/log4j-api-2.21.1.jar:/home/pacifiquem/.m2/repository/org/slf4j/jul-to-slf4j/2.0.9/jul-to-slf4j-2.0.9.jar:/home/pacifiquem/.m2/repository/jakarta/annotation/jakarta.annotation-api/2.1.1/jakarta.annotation-api-2.1.1.jar:/home/pacifiquem/.m2/repository/org/yaml/snakeyaml/2.2/snakeyaml-2.2.jar:/home/pacifiquem/.m2/repository/org/springframework/boot/spring-boot-starter-json/3.2.0/spring-boot-starter-json-3.2.0.jar:/home/pacifiquem/.m2/repository/com/fasterxml/jackson/core/jackson-databind/2.15.3/jackson-databind-2.15.3.jar:/home/pacifiquem/.m2/repository/com/fasterxml/jackson/core/jackson-annotations/2.15.3/jackson-annotations-2.15.3.jar:/home/pacifiquem/.m2/repository/com/fasterxml/jackson/core/jackson-core/2.15.3/jackson-core-2.15.3.jar:/home/pacifiquem/.m2/repository/com/fasterxml/jackson/datatype/jackson-datatype-jdk8/2.15.3/jackson-datatype-jdk8-2.15.3.jar:/home/pacifiquem/.m2/repository/com/fasterxml/jackson/datatype/jackson-datatype-jsr310/2.15.3/jackson-datatype-jsr310-2.15.3.jar:/home/pacifiquem/.m2/repository/com/fasterxml/jackson/module/jackson-module-parameter-names/2.15.3/jackson-module-parameter-names-2.15.3.jar:/home/pacifiquem/.m2/repository/org/springframework/boot/spring-boot-starter-tomcat/3.2.0/spring-boot-starter-tomcat-3.2.0.jar:/home/pacifiquem/.m2/repository/org/apache/tomcat/embed/tomcat-embed-core/10.1.16/tomcat-embed-core-10.1.16.jar:/home/pacifiquem/.m2/repository/org/apache/tomcat/embed/tomcat-embed-el/10.1.16/tomcat-embed-el-10.1.16.jar:/home/pacifiquem/.m2/repository/org/apache/tomcat/embed/tomcat-embed-websocket/10.1.16/tomcat-embed-websocket-10.1.16.jar:/home/pacifiquem/.m2/repository/org/springframework/spring-web/6.1.1/spring-web-6.1.1.jar:/home/pacifiquem/.m2/repository/org/springframework/spring-beans/6.1.1/spring-beans-6.1.1.jar:/home/pacifiquem/.m2/repository/io/micrometer/micrometer-observation/1.12.0/micrometer-observation-1.12.0.jar:/home/pacifiquem/.m2/repository/io/micrometer/micrometer-commons/1.12.0/micrometer-commons-1.12.0.jar:/home/pacifiquem/.m2/repository/org/springframework/spring-webmvc/6.1.1/spring-webmvc-6.1.1.jar:/home/pacifiquem/.m2/repository/org/springframework/spring-aop/6.1.1/spring-aop-6.1.1.jar:/home/pacifiquem/.m2/repository/org/springframework/spring-context/6.1.1/spring-context-6.1.1.jar:/home/pacifiquem/.m2/repository/org/springframework/spring-expression/6.1.1/spring-expression-6.1.1.jar:/home/pacifiquem/.m2/repository/org/projectlombok/lombok/1.18.30/lombok-1.18.30.jar:/home/pacifiquem/.m2/repository/org/springframework/boot/spring-boot-starter-test/3.2.0/spring-boot-starter-test-3.2.0.jar:/home/pacifiquem/.m2/repository/org/springframework/boot/spring-boot-test-autoconfigure/3.2.0/spring-boot-test-autoconfigure-3.2.0.jar:/home/pacifiquem/.m2/repository/com/jayway/jsonpath/json-path/2.8.0/json-path-2.8.0.jar:/home/pacifiquem/.m2/repository/org/slf4j/slf4j-api/2.0.9/slf4j-api-2.0.9.jar:/home/pacifiquem/.m2/repository/jakarta/xml/bind/jakarta.xml.bind-api/4.0.1/jakarta.xml.bind-api-4.0.1.jar:/home/pacifiquem/.m2/repository/jakarta/activation/jakarta.activation-api/2.1.2/jakarta.activation-api-2.1.2.jar:/home/pacifiquem/.m2/repository/net/minidev/json-smart/2.5.0/json-smart-2.5.0.jar:/home/pacifiquem/.m2/repository/net/minidev/accessors-smart/2.5.0/accessors-smart-2.5.0.jar:/home/pacifiquem/.m2/repository/org/ow2/asm/asm/9.3/asm-9.3.jar:/home/pacifiquem/.m2/repository/org/assertj/assertj-core/3.24.2/assertj-core-3.24.2.jar:/home/pacifiquem/.m2/repository/net/bytebuddy/byte-buddy/1.14.10/byte-buddy-1.14.10.jar:/home/pacifiquem/.m2/repository/org/awaitility/awaitility/4.2.0/awaitility-4.2.0.jar:/home/pacifiquem/.m2/repository/org/hamcrest/hamcrest/2.2/hamcrest-2.2.jar:/home/pacifiquem/.m2/repository/org/junit/jupiter/junit-jupiter/5.10.1/junit-jupiter-5.10.1.jar:/home/pacifiquem/.m2/repository/org/junit/jupiter/junit-jupiter-api/5.10.1/junit-jupiter-api-5.10.1.jar:/home/pacifiquem/.m2/repository/org/opentest4j/opentest4j/1.3.0/opentest4j-1.3.0.jar:/home/pacifiquem/.m2/repository/org/junit/platform/junit-platform-commons/1.10.1/junit-platform-commons-1.10.1.jar:/home/pacifiquem/.m2/repository/org/apiguardian/apiguardian-api/1.1.2/apiguardian-api-1.1.2.jar:/home/pacifiquem/.m2/repository/org/junit/jupiter/junit-jupiter-params/5.10.1/junit-jupiter-params-5.10.1.jar:/home/pacifiquem/.m2/repository/org/junit/jupiter/junit-jupiter-engine/5.10.1/junit-jupiter-engine-5.10.1.jar:/home/pacifiquem/.m2/repository/org/junit/platform/junit-platform-engine/1.10.1/junit-platform-engine-1.10.1.jar:/home/pacifiquem/.m2/repository/org/mockito/mockito-core/5.7.0/mockito-core-5.7.0.jar:/home/pacifiquem/.m2/repository/net/bytebuddy/byte-buddy-agent/1.14.10/byte-buddy-agent-1.14.10.jar:/home/pacifiquem/.m2/repository/org/objenesis/objenesis/3.3/objenesis-3.3.jar:/home/pacifiquem/.m2/repository/org/mockito/mockito-junit-jupiter/5.7.0/mockito-junit-jupiter-5.7.0.jar:/home/pacifiquem/.m2/repository/org/skyscreamer/jsonassert/1.5.1/jsonassert-1.5.1.jar:/home/pacifiquem/.m2/repository/com/vaadin/external/google/android-json/0.0.20131108.vaadin1/android-json-0.0.20131108.vaadin1.jar:/home/pacifiquem/.m2/repository/org/springframework/spring-core/6.1.1/spring-core-6.1.1.jar:/home/pacifiquem/.m2/repository/org/springframework/spring-jcl/6.1.1/spring-jcl-6.1.1.jar:/home/pacifiquem/.m2/repository/org/springframework/spring-test/6.1.1/spring-test-6.1.1.jar:/home/pacifiquem/.m2/repository/org/xmlunit/xmlunit-core/2.9.1/xmlunit-core-2.9.1.jar:/home/pacifiquem/.m2/repository/org/springframework/boot/spring-boot-test/3.2.0/spring-boot-test-3.2.0.jar:/home/pacifiquem/.m2/repository/org/springframework/boot/spring-boot/3.2.0/spring-boot-3.2.0.jar
Launcher Type: SUN_STANDARD

[Global flags]
     intx CICompilerCount                          = 3                                         {product} {ergonomic}
     uint ConcGCThreads                            = 1                                         {product} {ergonomic}
     uint G1ConcRefinementThreads                  = 4                                         {product} {ergonomic}
   size_t G1HeapRegionSize                         = 2097152                                   {product} {ergonomic}
    uintx GCDrainStackTargetSize                   = 64                                        {product} {ergonomic}
   size_t InitialHeapSize                          = 260046848                                 {product} {ergonomic}
   size_t MarkStackSize                            = 4194304                                   {product} {ergonomic}
   size_t MaxHeapSize                              = 4160749568                                {product} {ergonomic}
   size_t MaxNewSize                               = 2495610880                                {product} {ergonomic}
   size_t MinHeapDeltaBytes                        = 2097152                                   {product} {ergonomic}
   size_t MinHeapSize                              = 8388608                                   {product} {ergonomic}
    uintx NonNMethodCodeHeapSize                   = 5832780                                {pd product} {ergonomic}
    uintx NonProfiledCodeHeapSize                  = 122912730                              {pd product} {ergonomic}
    uintx ProfiledCodeHeapSize                     = 122912730                              {pd product} {ergonomic}
    uintx ReservedCodeCacheSize                    = 251658240                              {pd product} {ergonomic}
     bool SegmentedCodeCache                       = true                                      {product} {ergonomic}
   size_t SoftMaxHeapSize                          = 4160749568                             {manageable} {ergonomic}
     bool UseCompressedOops                        = true                           {product lp64_product} {ergonomic}
     bool UseG1GC                                  = true                                      {product} {ergonomic}

Logging:
Log output configuration:
 #0: stdout all=warning uptime,level,tags foldmultilines=false
 #1: stderr all=off uptime,level,tags foldmultilines=false

Environment Variables:
PATH=/home/pacifiquem/.local/bin:/usr/local/sbin:/usr/local/bin:/usr/sbin:/usr/bin:/sbin:/bin:/usr/games:/usr/local/games:/snap/bin:/snap/bin
USERNAME=pacifiquem
SHELL=/bin/bash
DISPLAY=:0
LANG=en_US.UTF-8
LC_NUMERIC=en_US.UTF-8
LC_TIME=en_US.UTF-8

Active Locale:
LC_ALL=en_US.UTF-8
LC_COLLATE=en_US.UTF-8
LC_CTYPE=en_US.UTF-8
LC_MESSAGES=en_US.UTF-8
LC_MONETARY=en_US.UTF-8
LC_NUMERIC=en_US.UTF-8
LC_TIME=en_US.UTF-8

Signal Handlers:
   SIGSEGV: crash_handler in libjvm.so, mask=11100100010111111101111111111110, flags=SA_RESTART|SA_SIGINFO, unblocked
    SIGBUS: crash_handler in libjvm.so, mask=11100100010111111101111111111110, flags=SA_RESTART|SA_SIGINFO, unblocked
    SIGFPE: crash_handler in libjvm.so, mask=11100100010111111101111111111110, flags=SA_RESTART|SA_SIGINFO, unblocked
   SIGPIPE: javaSignalHandler in libjvm.so, mask=11100100010111111101111111111110, flags=SA_RESTART|SA_SIGINFO, blocked
   SIGXFSZ: javaSignalHandler in libjvm.so, mask=11100100010111111101111111111110, flags=SA_RESTART|SA_SIGINFO, blocked
    SIGILL: crash_handler in libjvm.so, mask=11100100010111111101111111111110, flags=SA_RESTART|SA_SIGINFO, unblocked
   SIGUSR2: SR_handler in libjvm.so, mask=00100000000000000000000000000000, flags=SA_RESTART|SA_SIGINFO, blocked
    SIGHUP: UserHandler in libjvm.so, mask=11100100010111111101111111111110, flags=SA_RESTART|SA_SIGINFO, blocked
    SIGINT: UserHandler in libjvm.so, mask=11100100010111111101111111111110, flags=SA_RESTART|SA_SIGINFO, blocked
   SIGTERM: UserHandler in libjvm.so, mask=11100100010111111101111111111110, flags=SA_RESTART|SA_SIGINFO, blocked
   SIGQUIT: UserHandler in libjvm.so, mask=11100100010111111101111111111110, flags=SA_RESTART|SA_SIGINFO, blocked
   SIGTRAP: crash_handler in libjvm.so, mask=11100100010111111101111111111110, flags=SA_RESTART|SA_SIGINFO, unblocked


---------------  S Y S T E M  ---------------

OS:
DISTRIB_ID=Ubuntu
DISTRIB_RELEASE=22.04
DISTRIB_CODENAME=jammy
DISTRIB_DESCRIPTION="Ubuntu 22.04.3 LTS"
uname: Linux 6.2.0-37-generic #38~22.04.1-Ubuntu SMP PREEMPT_DYNAMIC Thu Nov  2 18:01:13 UTC 2 x86_64
OS uptime: 0 days 0:32 hours
libc: glibc 2.35 NPTL 2.35 
rlimit (soft/hard): STACK 8192k/infinity , CORE 0k/infinity , NPROC 63162/63162 , NOFILE 1048576/1048576 , AS infinity/infinity , CPU infinity/infinity , DATA infinity/infinity , FSIZE infinity/infinity , MEMLOCK 2030744k/2030744k
load average: 1.94 1.60 1.51

/proc/meminfo:
MemTotal:       16245980 kB
MemFree:         3606920 kB
MemAvailable:    8753668 kB
Buffers:          172968 kB
Cached:          5783772 kB
SwapCached:            0 kB
Active:          1242960 kB
Inactive:       10372232 kB
Active(anon):      18388 kB
Inactive(anon):  6275680 kB
Active(file):    1224572 kB
Inactive(file):  4096552 kB
Unevictable:      485116 kB
Mlocked:              80 kB
SwapTotal:       2097148 kB
SwapFree:        2097148 kB
Zswap:                 0 kB
Zswapped:              0 kB
Dirty:              5464 kB
Writeback:             0 kB
AnonPages:       6143308 kB
Mapped:          2107600 kB
Shmem:            635616 kB
KReclaimable:     155352 kB
Slab:             356560 kB
SReclaimable:     155352 kB
SUnreclaim:       201208 kB
KernelStack:       20464 kB
PageTables:        61160 kB
SecPageTables:         0 kB
NFS_Unstable:          0 kB
Bounce:                0 kB
WritebackTmp:          0 kB
CommitLimit:    10220136 kB
Committed_AS:   15520388 kB
VmallocTotal:   34359738367 kB
VmallocUsed:       57412 kB
VmallocChunk:          0 kB
Percpu:             3952 kB
HardwareCorrupted:     0 kB
AnonHugePages:         0 kB
ShmemHugePages:        0 kB
ShmemPmdMapped:        0 kB
FileHugePages:         0 kB
FilePmdMapped:         0 kB
HugePages_Total:       0
HugePages_Free:        0
HugePages_Rsvd:        0
HugePages_Surp:        0
Hugepagesize:       2048 kB
Hugetlb:               0 kB
DirectMap4k:      196660 kB
DirectMap2M:     5971968 kB
DirectMap1G:    10485760 kB

/sys/kernel/mm/transparent_hugepage/enabled: always [madvise] never
/sys/kernel/mm/transparent_hugepage/defrag (defrag/compaction efforts parameter): always defer defer+madvise [madvise] never

Process Memory:
Virtual Size: 7811968K (peak: 7860084K)
Resident Set Size: 258532K (peak: 258532K) (anon: 234500K, file: 24032K, shmem: 0K)
Swapped out: 0K
C-Heap outstanding allocations: 99852K, retained: 9935K
glibc malloc tunables: (default)

/proc/sys/kernel/threads-max (system-wide limit on the number of threads): 126324
/proc/sys/vm/max_map_count (maximum number of memory map areas a process may have): 65530
/proc/sys/kernel/pid_max (system-wide limit on number of process identifiers): 4194304

container (cgroup) information:
container_type: cgroupv2
cpu_cpuset_cpus: not supported
cpu_memory_nodes: not supported
active_processor_count: 4
cpu_quota: not supported
cpu_period: not supported
cpu_shares: not supported
memory_limit_in_bytes: unlimited
memory_and_swap_limit_in_bytes: unlimited
memory_soft_limit_in_bytes: unlimited
memory_usage_in_bytes: 5661948 k
memory_max_usage_in_bytes: not supported
memory_swap_current_in_bytes: unlimited
memory_swap_max_limit_in_bytes: unlimited
maximum number of tasks: 18948
current number of tasks: 316

Steal ticks since vm start: 0
Steal ticks percentage since vm start:  0.000

CPU: total 4 (initial active 4) (2 cores per cpu, 2 threads per core) family 6 model 78 stepping 3 microcode 0xf0, cx8, cmov, fxsr, ht, mmx, 3dnowpref, sse, sse2, sse3, ssse3, sse4.1, sse4.2, popcnt, lzcnt, tsc, tscinvbit, avx, avx2, aes, erms, clmul, bmi1, bmi2, adx, fma, vzeroupper, clflush, clflushopt, rdtscp, f16c
CPU Model and flags from /proc/cpuinfo:
model name	: Intel(R) Core(TM) i5-6300U CPU @ 2.40GHz
flags		: fpu vme de pse tsc msr pae mce cx8 apic sep mtrr pge mca cmov pat pse36 clflush dts acpi mmx fxsr sse sse2 ss ht tm pbe syscall nx pdpe1gb rdtscp lm constant_tsc art arch_perfmon pebs bts rep_good nopl xtopology nonstop_tsc cpuid aperfmperf pni pclmulqdq dtes64 monitor ds_cpl smx est tm2 ssse3 sdbg fma cx16 xtpr pdcm pcid sse4_1 sse4_2 x2apic movbe popcnt tsc_deadline_timer aes xsave avx f16c rdrand lahf_lm abm 3dnowprefetch cpuid_fault epb invpcid_single pti ssbd ibrs ibpb stibp fsgsbase tsc_adjust bmi1 avx2 smep bmi2 erms invpcid mpx rdseed adx smap clflushopt intel_pt xsaveopt xsavec xgetbv1 xsaves dtherm ida arat pln pts hwp hwp_notify hwp_act_window hwp_epp md_clear flush_l1d arch_capabilities

Online cpus: 0-3
Offline cpus: 
BIOS frequency limitation: <Not Available>
Frequency switch latency (ns): 0
Available cpu frequencies: <Not Available>
Current governor: powersave
Core performance/turbo boost: <Not Available>

Memory: 4k page, physical 16245980k(8753668k free), swap 2097148k(2097148k free)
Page Sizes: 4k

vm_info: OpenJDK 64-Bit Server VM (21+35-2513) for linux-amd64 JRE (21+35-2513), built on 2023-08-09T20:25:10Z by "mach5one" with gcc 11.2.0

END.
